nohup: ignoring input
Progress: 0/6000 (0.0%)
Progress: 1000/6000 (16.7%)
Progress: 2000/6000 (33.3%)
Progress: 3000/6000 (50.0%)
Progress: 4000/6000 (66.7%)
Progress: 5000/6000 (83.3%)
0
Progress: 0/6000 (0.0%)
Progress: 1000/6000 (16.7%)
Progress: 2000/6000 (33.3%)
Progress: 3000/6000 (50.0%)
Progress: 4000/6000 (66.7%)
Progress: 5000/6000 (83.3%)
1
Progress: 0/6000 (0.0%)
Progress: 1000/6000 (16.7%)
Progress: 2000/6000 (33.3%)
Progress: 3000/6000 (50.0%)
Progress: 4000/6000 (66.7%)
Progress: 5000/6000 (83.3%)
2
Progress: 0/6000 (0.0%)
Progress: 1000/6000 (16.7%)
Progress: 2000/6000 (33.3%)
oops
2746
3
Progress: 0/6000 (0.0%)
Progress: 1000/6000 (16.7%)
Progress: 2000/6000 (33.3%)
Progress: 3000/6000 (50.0%)
Progress: 4000/6000 (66.7%)
Progress: 5000/6000 (83.3%)
4
Progress: 0/6000 (0.0%)
Progress: 1000/6000 (16.7%)
Progress: 2000/6000 (33.3%)
Progress: 3000/6000 (50.0%)
Progress: 4000/6000 (66.7%)
Progress: 5000/6000 (83.3%)
5
Progress: 0/6000 (0.0%)
Progress: 1000/6000 (16.7%)
oops
1610
6
Progress: 0/6000 (0.0%)
Progress: 1000/6000 (16.7%)
Progress: 2000/6000 (33.3%)
Progress: 3000/6000 (50.0%)
Progress: 4000/6000 (66.7%)
Progress: 5000/6000 (83.3%)
7
Progress: 0/6000 (0.0%)
Progress: 1000/6000 (16.7%)
Progress: 2000/6000 (33.3%)
Progress: 3000/6000 (50.0%)
Progress: 4000/6000 (66.7%)
Progress: 5000/6000 (83.3%)
8
Progress: 0/6000 (0.0%)
Progress: 1000/6000 (16.7%)
Progress: 2000/6000 (33.3%)
Progress: 3000/6000 (50.0%)
Progress: 4000/6000 (66.7%)
Progress: 5000/6000 (83.3%)
9
Progress: 0/6000 (0.0%)
Progress: 1000/6000 (16.7%)
Progress: 2000/6000 (33.3%)
Progress: 3000/6000 (50.0%)
Progress: 4000/6000 (66.7%)
Progress: 5000/6000 (83.3%)
oops
5404
10
Progress: 0/6000 (0.0%)
Progress: 1000/6000 (16.7%)
Progress: 2000/6000 (33.3%)
Progress: 3000/6000 (50.0%)
Progress: 4000/6000 (66.7%)
Progress: 5000/6000 (83.3%)
11
Progress: 0/6000 (0.0%)
Progress: 1000/6000 (16.7%)
Progress: 2000/6000 (33.3%)
Progress: 3000/6000 (50.0%)
Progress: 4000/6000 (66.7%)
Progress: 5000/6000 (83.3%)
12
Progress: 0/6000 (0.0%)
Progress: 1000/6000 (16.7%)
Progress: 2000/6000 (33.3%)
Progress: 3000/6000 (50.0%)
Progress: 4000/6000 (66.7%)
Progress: 5000/6000 (83.3%)
13
Progress: 0/6000 (0.0%)
Progress: 1000/6000 (16.7%)
Progress: 2000/6000 (33.3%)
Progress: 3000/6000 (50.0%)
Progress: 4000/6000 (66.7%)
Progress: 5000/6000 (83.3%)
14
Progress: 0/6000 (0.0%)
Progress: 1000/6000 (16.7%)
Progress: 2000/6000 (33.3%)
Progress: 3000/6000 (50.0%)
Progress: 4000/6000 (66.7%)
Progress: 5000/6000 (83.3%)
15
Progress: 0/6000 (0.0%)
Progress: 1000/6000 (16.7%)
Progress: 2000/6000 (33.3%)
Progress: 3000/6000 (50.0%)
Progress: 4000/6000 (66.7%)
Progress: 5000/6000 (83.3%)
16
Progress: 0/6000 (0.0%)
Progress: 1000/6000 (16.7%)
Progress: 2000/6000 (33.3%)
Progress: 3000/6000 (50.0%)
Progress: 4000/6000 (66.7%)
Progress: 5000/6000 (83.3%)
17
Progress: 0/6000 (0.0%)
Progress: 1000/6000 (16.7%)
Progress: 2000/6000 (33.3%)
Progress: 3000/6000 (50.0%)
Progress: 4000/6000 (66.7%)
Progress: 5000/6000 (83.3%)
18
Progress: 0/6000 (0.0%)
Progress: 1000/6000 (16.7%)
Progress: 2000/6000 (33.3%)
Progress: 3000/6000 (50.0%)
Progress: 4000/6000 (66.7%)
Progress: 5000/6000 (83.3%)
19
Progress: 0/6000 (0.0%)
Progress: 1000/6000 (16.7%)
Progress: 2000/6000 (33.3%)
Progress: 3000/6000 (50.0%)
Progress: 4000/6000 (66.7%)
Progress: 5000/6000 (83.3%)
20
Progress: 0/6000 (0.0%)
Progress: 1000/6000 (16.7%)
Progress: 2000/6000 (33.3%)
Progress: 3000/6000 (50.0%)
Progress: 4000/6000 (66.7%)
Progress: 5000/6000 (83.3%)
21
Progress: 0/6000 (0.0%)
Progress: 1000/6000 (16.7%)
Progress: 2000/6000 (33.3%)
Progress: 3000/6000 (50.0%)
Progress: 4000/6000 (66.7%)
Progress: 5000/6000 (83.3%)
22
Progress: 0/6000 (0.0%)
Progress: 1000/6000 (16.7%)
Progress: 2000/6000 (33.3%)
Progress: 3000/6000 (50.0%)
Progress: 4000/6000 (66.7%)
Progress: 5000/6000 (83.3%)
23
Progress: 0/6000 (0.0%)
Progress: 1000/6000 (16.7%)
Progress: 2000/6000 (33.3%)
oops
2736
24
Progress: 0/6000 (0.0%)
Progress: 1000/6000 (16.7%)
Progress: 2000/6000 (33.3%)
Progress: 3000/6000 (50.0%)
Progress: 4000/6000 (66.7%)
Progress: 5000/6000 (83.3%)
25
Progress: 0/6000 (0.0%)
Progress: 1000/6000 (16.7%)
Progress: 2000/6000 (33.3%)
Progress: 3000/6000 (50.0%)
Progress: 4000/6000 (66.7%)
Progress: 5000/6000 (83.3%)
26
Progress: 0/6000 (0.0%)
oops
591
27
Progress: 0/6000 (0.0%)
oops
564
28
Progress: 0/6000 (0.0%)
Progress: 1000/6000 (16.7%)
Progress: 2000/6000 (33.3%)
Progress: 3000/6000 (50.0%)
Progress: 4000/6000 (66.7%)
Progress: 5000/6000 (83.3%)
29
Progress: 0/6000 (0.0%)
Progress: 1000/6000 (16.7%)
Progress: 2000/6000 (33.3%)
Progress: 3000/6000 (50.0%)
Progress: 4000/6000 (66.7%)
Progress: 5000/6000 (83.3%)
30
Progress: 0/6000 (0.0%)
Progress: 1000/6000 (16.7%)
Progress: 2000/6000 (33.3%)
Progress: 3000/6000 (50.0%)
Progress: 4000/6000 (66.7%)
Progress: 5000/6000 (83.3%)
31
Progress: 0/6000 (0.0%)
Progress: 1000/6000 (16.7%)
Progress: 2000/6000 (33.3%)
Progress: 3000/6000 (50.0%)
Progress: 4000/6000 (66.7%)
Progress: 5000/6000 (83.3%)
32
Progress: 0/6000 (0.0%)
Progress: 1000/6000 (16.7%)
Progress: 2000/6000 (33.3%)
Progress: 3000/6000 (50.0%)
Progress: 4000/6000 (66.7%)
Progress: 5000/6000 (83.3%)
33
Progress: 0/6000 (0.0%)
Progress: 1000/6000 (16.7%)
Progress: 2000/6000 (33.3%)
Progress: 3000/6000 (50.0%)
Progress: 4000/6000 (66.7%)
Progress: 5000/6000 (83.3%)
oops
5390
34
Progress: 0/6000 (0.0%)
Progress: 1000/6000 (16.7%)
Progress: 2000/6000 (33.3%)
Progress: 3000/6000 (50.0%)
Progress: 4000/6000 (66.7%)
oops
4577
35
Progress: 0/6000 (0.0%)
Progress: 1000/6000 (16.7%)
Progress: 2000/6000 (33.3%)
Progress: 3000/6000 (50.0%)
Progress: 4000/6000 (66.7%)
oops
4121
36
Progress: 0/6000 (0.0%)
Progress: 1000/6000 (16.7%)
Progress: 2000/6000 (33.3%)
Progress: 3000/6000 (50.0%)
Progress: 4000/6000 (66.7%)
Progress: 5000/6000 (83.3%)
37
Progress: 0/6000 (0.0%)
Progress: 1000/6000 (16.7%)
Progress: 2000/6000 (33.3%)
Progress: 3000/6000 (50.0%)
Progress: 4000/6000 (66.7%)
Progress: 5000/6000 (83.3%)
38
Progress: 0/6000 (0.0%)
Progress: 1000/6000 (16.7%)
Progress: 2000/6000 (33.3%)
Progress: 3000/6000 (50.0%)
Progress: 4000/6000 (66.7%)
Progress: 5000/6000 (83.3%)
39
Progress: 0/6000 (0.0%)
Progress: 1000/6000 (16.7%)
Progress: 2000/6000 (33.3%)
Progress: 3000/6000 (50.0%)
Progress: 4000/6000 (66.7%)
Progress: 5000/6000 (83.3%)
40
Progress: 0/6000 (0.0%)
Progress: 1000/6000 (16.7%)
Progress: 2000/6000 (33.3%)
Progress: 3000/6000 (50.0%)
Progress: 4000/6000 (66.7%)
oops
4929
41
Progress: 0/6000 (0.0%)
Progress: 1000/6000 (16.7%)
Progress: 2000/6000 (33.3%)
Progress: 3000/6000 (50.0%)
Progress: 4000/6000 (66.7%)
Progress: 5000/6000 (83.3%)
42
Progress: 0/6000 (0.0%)
Progress: 1000/6000 (16.7%)
Progress: 2000/6000 (33.3%)
oops
2983
43
Progress: 0/6000 (0.0%)
Progress: 1000/6000 (16.7%)
Progress: 2000/6000 (33.3%)
Progress: 3000/6000 (50.0%)
Progress: 4000/6000 (66.7%)
Progress: 5000/6000 (83.3%)
44
Progress: 0/6000 (0.0%)
Progress: 1000/6000 (16.7%)
Progress: 2000/6000 (33.3%)
Progress: 3000/6000 (50.0%)
Progress: 4000/6000 (66.7%)
Progress: 5000/6000 (83.3%)
45
Progress: 0/6000 (0.0%)
Progress: 1000/6000 (16.7%)
Progress: 2000/6000 (33.3%)
Progress: 3000/6000 (50.0%)
Progress: 4000/6000 (66.7%)
Progress: 5000/6000 (83.3%)
46
Progress: 0/6000 (0.0%)
oops
512
47
Progress: 0/6000 (0.0%)
Progress: 1000/6000 (16.7%)
Progress: 2000/6000 (33.3%)
Progress: 3000/6000 (50.0%)
Progress: 4000/6000 (66.7%)
Progress: 5000/6000 (83.3%)
48
Progress: 0/6000 (0.0%)
Progress: 1000/6000 (16.7%)
Progress: 2000/6000 (33.3%)
Progress: 3000/6000 (50.0%)
Progress: 4000/6000 (66.7%)
Progress: 5000/6000 (83.3%)
49
Progress: 0/6000 (0.0%)
Progress: 1000/6000 (16.7%)
Progress: 2000/6000 (33.3%)
Progress: 3000/6000 (50.0%)
Progress: 4000/6000 (66.7%)
Progress: 5000/6000 (83.3%)
50
Progress: 0/6000 (0.0%)
Progress: 1000/6000 (16.7%)
oops
1029
51
Progress: 0/6000 (0.0%)
Progress: 1000/6000 (16.7%)
Progress: 2000/6000 (33.3%)
Progress: 3000/6000 (50.0%)
Progress: 4000/6000 (66.7%)
oops
4389
52
Progress: 0/6000 (0.0%)
oops
532
53
Progress: 0/6000 (0.0%)
Progress: 1000/6000 (16.7%)
Progress: 2000/6000 (33.3%)
Progress: 3000/6000 (50.0%)
Progress: 4000/6000 (66.7%)
Progress: 5000/6000 (83.3%)
54
Progress: 0/6000 (0.0%)
Progress: 1000/6000 (16.7%)
Progress: 2000/6000 (33.3%)
Progress: 3000/6000 (50.0%)
oops
3030
55
Progress: 0/6000 (0.0%)
Progress: 1000/6000 (16.7%)
Progress: 2000/6000 (33.3%)
Progress: 3000/6000 (50.0%)
Progress: 4000/6000 (66.7%)
Progress: 5000/6000 (83.3%)
56
Progress: 0/6000 (0.0%)
Progress: 1000/6000 (16.7%)
Progress: 2000/6000 (33.3%)
Progress: 3000/6000 (50.0%)
Progress: 4000/6000 (66.7%)
Progress: 5000/6000 (83.3%)
57
Progress: 0/6000 (0.0%)
Progress: 1000/6000 (16.7%)
Progress: 2000/6000 (33.3%)
Progress: 3000/6000 (50.0%)
Progress: 4000/6000 (66.7%)
Progress: 5000/6000 (83.3%)
58
Progress: 0/6000 (0.0%)
Progress: 1000/6000 (16.7%)
Progress: 2000/6000 (33.3%)
Progress: 3000/6000 (50.0%)
Progress: 4000/6000 (66.7%)
Progress: 5000/6000 (83.3%)
59
Progress: 0/6000 (0.0%)
Progress: 1000/6000 (16.7%)
Progress: 2000/6000 (33.3%)
Progress: 3000/6000 (50.0%)
Progress: 4000/6000 (66.7%)
Progress: 5000/6000 (83.3%)
60
Progress: 0/6000 (0.0%)
Progress: 1000/6000 (16.7%)
Progress: 2000/6000 (33.3%)
Progress: 3000/6000 (50.0%)
Progress: 4000/6000 (66.7%)
Progress: 5000/6000 (83.3%)
61
Progress: 0/6000 (0.0%)
Progress: 1000/6000 (16.7%)
Progress: 2000/6000 (33.3%)
Progress: 3000/6000 (50.0%)
Progress: 4000/6000 (66.7%)
Progress: 5000/6000 (83.3%)
62
Progress: 0/6000 (0.0%)
Progress: 1000/6000 (16.7%)
Progress: 2000/6000 (33.3%)
Progress: 3000/6000 (50.0%)
Progress: 4000/6000 (66.7%)
Progress: 5000/6000 (83.3%)
63
Progress: 0/6000 (0.0%)
Progress: 1000/6000 (16.7%)
Progress: 2000/6000 (33.3%)
Progress: 3000/6000 (50.0%)
Progress: 4000/6000 (66.7%)
Progress: 5000/6000 (83.3%)
64
Progress: 0/6000 (0.0%)
Progress: 1000/6000 (16.7%)
Progress: 2000/6000 (33.3%)
Progress: 3000/6000 (50.0%)
Progress: 4000/6000 (66.7%)
Progress: 5000/6000 (83.3%)
65
Progress: 0/6000 (0.0%)
Progress: 1000/6000 (16.7%)
Progress: 2000/6000 (33.3%)
Progress: 3000/6000 (50.0%)
Progress: 4000/6000 (66.7%)
Progress: 5000/6000 (83.3%)
66
Progress: 0/6000 (0.0%)
Progress: 1000/6000 (16.7%)
Progress: 2000/6000 (33.3%)
Progress: 3000/6000 (50.0%)
Progress: 4000/6000 (66.7%)
Progress: 5000/6000 (83.3%)
67
Progress: 0/6000 (0.0%)
Progress: 1000/6000 (16.7%)
Progress: 2000/6000 (33.3%)
Progress: 3000/6000 (50.0%)
oops
3041
68
Progress: 0/6000 (0.0%)
Progress: 1000/6000 (16.7%)
Progress: 2000/6000 (33.3%)
Progress: 3000/6000 (50.0%)
Progress: 4000/6000 (66.7%)
Progress: 5000/6000 (83.3%)
69
Progress: 0/6000 (0.0%)
Progress: 1000/6000 (16.7%)
Progress: 2000/6000 (33.3%)
Progress: 3000/6000 (50.0%)
Progress: 4000/6000 (66.7%)
Progress: 5000/6000 (83.3%)
70
Progress: 0/6000 (0.0%)
Progress: 1000/6000 (16.7%)
Progress: 2000/6000 (33.3%)
Progress: 3000/6000 (50.0%)
Progress: 4000/6000 (66.7%)
Progress: 5000/6000 (83.3%)
71
Progress: 0/6000 (0.0%)
Progress: 1000/6000 (16.7%)
Progress: 2000/6000 (33.3%)
Progress: 3000/6000 (50.0%)
Progress: 4000/6000 (66.7%)
Progress: 5000/6000 (83.3%)
72
Progress: 0/6000 (0.0%)
Progress: 1000/6000 (16.7%)
Progress: 2000/6000 (33.3%)
Progress: 3000/6000 (50.0%)
Progress: 4000/6000 (66.7%)
Progress: 5000/6000 (83.3%)
73
Progress: 0/6000 (0.0%)
Progress: 1000/6000 (16.7%)
Progress: 2000/6000 (33.3%)
Progress: 3000/6000 (50.0%)
Progress: 4000/6000 (66.7%)
Progress: 5000/6000 (83.3%)
74
Progress: 0/6000 (0.0%)
Progress: 1000/6000 (16.7%)
Progress: 2000/6000 (33.3%)
Progress: 3000/6000 (50.0%)
Progress: 4000/6000 (66.7%)
Progress: 5000/6000 (83.3%)
75
Progress: 0/6000 (0.0%)
Progress: 1000/6000 (16.7%)
Progress: 2000/6000 (33.3%)
Progress: 3000/6000 (50.0%)
Progress: 4000/6000 (66.7%)
Progress: 5000/6000 (83.3%)
76
Progress: 0/6000 (0.0%)
Progress: 1000/6000 (16.7%)
Progress: 2000/6000 (33.3%)
Progress: 3000/6000 (50.0%)
Progress: 4000/6000 (66.7%)
Progress: 5000/6000 (83.3%)
77
Progress: 0/6000 (0.0%)
Progress: 1000/6000 (16.7%)
Progress: 2000/6000 (33.3%)
Progress: 3000/6000 (50.0%)
Progress: 4000/6000 (66.7%)
Progress: 5000/6000 (83.3%)
78
Progress: 0/6000 (0.0%)
Progress: 1000/6000 (16.7%)
Progress: 2000/6000 (33.3%)
Progress: 3000/6000 (50.0%)
Progress: 4000/6000 (66.7%)
Progress: 5000/6000 (83.3%)
79
Progress: 0/6000 (0.0%)
Progress: 1000/6000 (16.7%)
Progress: 2000/6000 (33.3%)
Progress: 3000/6000 (50.0%)
Progress: 4000/6000 (66.7%)
Progress: 5000/6000 (83.3%)
80
Progress: 0/6000 (0.0%)
Progress: 1000/6000 (16.7%)
Progress: 2000/6000 (33.3%)
Progress: 3000/6000 (50.0%)
Progress: 4000/6000 (66.7%)
Progress: 5000/6000 (83.3%)
81
Progress: 0/6000 (0.0%)
Progress: 1000/6000 (16.7%)
Progress: 2000/6000 (33.3%)
Progress: 3000/6000 (50.0%)
Progress: 4000/6000 (66.7%)
Progress: 5000/6000 (83.3%)
82
Progress: 0/6000 (0.0%)
Progress: 1000/6000 (16.7%)
Progress: 2000/6000 (33.3%)
Progress: 3000/6000 (50.0%)
Progress: 4000/6000 (66.7%)
Progress: 5000/6000 (83.3%)
83
Progress: 0/6000 (0.0%)
Progress: 1000/6000 (16.7%)
Progress: 2000/6000 (33.3%)
Progress: 3000/6000 (50.0%)
Progress: 4000/6000 (66.7%)
oops
4455
84
Progress: 0/6000 (0.0%)
Progress: 1000/6000 (16.7%)
Progress: 2000/6000 (33.3%)
Progress: 3000/6000 (50.0%)
Progress: 4000/6000 (66.7%)
Progress: 5000/6000 (83.3%)
85
Progress: 0/6000 (0.0%)
Progress: 1000/6000 (16.7%)
Progress: 2000/6000 (33.3%)
Progress: 3000/6000 (50.0%)
oops
3121
86
Progress: 0/6000 (0.0%)
Progress: 1000/6000 (16.7%)
Progress: 2000/6000 (33.3%)
Progress: 3000/6000 (50.0%)
Progress: 4000/6000 (66.7%)
Progress: 5000/6000 (83.3%)
87
Progress: 0/6000 (0.0%)
Progress: 1000/6000 (16.7%)
Progress: 2000/6000 (33.3%)
Progress: 3000/6000 (50.0%)
Progress: 4000/6000 (66.7%)
Progress: 5000/6000 (83.3%)
88
Progress: 0/6000 (0.0%)
Progress: 1000/6000 (16.7%)
Progress: 2000/6000 (33.3%)
Progress: 3000/6000 (50.0%)
Progress: 4000/6000 (66.7%)
Progress: 5000/6000 (83.3%)
89
Progress: 0/6000 (0.0%)
Progress: 1000/6000 (16.7%)
Progress: 2000/6000 (33.3%)
Progress: 3000/6000 (50.0%)
Progress: 4000/6000 (66.7%)
Progress: 5000/6000 (83.3%)
90
Progress: 0/6000 (0.0%)
Progress: 1000/6000 (16.7%)
Progress: 2000/6000 (33.3%)
Progress: 3000/6000 (50.0%)
Progress: 4000/6000 (66.7%)
Progress: 5000/6000 (83.3%)
91
Progress: 0/6000 (0.0%)
Progress: 1000/6000 (16.7%)
Progress: 2000/6000 (33.3%)
Progress: 3000/6000 (50.0%)
Progress: 4000/6000 (66.7%)
Progress: 5000/6000 (83.3%)
92
Progress: 0/6000 (0.0%)
Progress: 1000/6000 (16.7%)
Progress: 2000/6000 (33.3%)
Progress: 3000/6000 (50.0%)
Progress: 4000/6000 (66.7%)
Progress: 5000/6000 (83.3%)
93
Progress: 0/6000 (0.0%)
Progress: 1000/6000 (16.7%)
Progress: 2000/6000 (33.3%)
Progress: 3000/6000 (50.0%)
Progress: 4000/6000 (66.7%)
Progress: 5000/6000 (83.3%)
94
Progress: 0/6000 (0.0%)
oops
717
95
Progress: 0/6000 (0.0%)
Progress: 1000/6000 (16.7%)
Progress: 2000/6000 (33.3%)
Progress: 3000/6000 (50.0%)
Progress: 4000/6000 (66.7%)
Progress: 5000/6000 (83.3%)
96
Progress: 0/6000 (0.0%)
Progress: 1000/6000 (16.7%)
Progress: 2000/6000 (33.3%)
Progress: 3000/6000 (50.0%)
Progress: 4000/6000 (66.7%)
Progress: 5000/6000 (83.3%)
97
Progress: 0/6000 (0.0%)
Progress: 1000/6000 (16.7%)
Progress: 2000/6000 (33.3%)
Progress: 3000/6000 (50.0%)
Progress: 4000/6000 (66.7%)
Progress: 5000/6000 (83.3%)
98
Progress: 0/6000 (0.0%)
Progress: 1000/6000 (16.7%)
Progress: 2000/6000 (33.3%)
Progress: 3000/6000 (50.0%)
Progress: 4000/6000 (66.7%)
Progress: 5000/6000 (83.3%)
99
Progress: 0/6000 (0.0%)
Progress: 1000/6000 (16.7%)
Progress: 2000/6000 (33.3%)
Progress: 3000/6000 (50.0%)
Progress: 4000/6000 (66.7%)
Progress: 5000/6000 (83.3%)
100
Progress: 0/6000 (0.0%)
Progress: 1000/6000 (16.7%)
Progress: 2000/6000 (33.3%)
Progress: 3000/6000 (50.0%)
Progress: 4000/6000 (66.7%)
Progress: 5000/6000 (83.3%)
101
Progress: 0/6000 (0.0%)
Progress: 1000/6000 (16.7%)
Progress: 2000/6000 (33.3%)
Progress: 3000/6000 (50.0%)
Progress: 4000/6000 (66.7%)
Progress: 5000/6000 (83.3%)
102
Progress: 0/6000 (0.0%)
Progress: 1000/6000 (16.7%)
Progress: 2000/6000 (33.3%)
Progress: 3000/6000 (50.0%)
Progress: 4000/6000 (66.7%)
Progress: 5000/6000 (83.3%)
103
Progress: 0/6000 (0.0%)
Progress: 1000/6000 (16.7%)
Progress: 2000/6000 (33.3%)
Progress: 3000/6000 (50.0%)
Progress: 4000/6000 (66.7%)
Progress: 5000/6000 (83.3%)
104
Progress: 0/6000 (0.0%)
Progress: 1000/6000 (16.7%)
Progress: 2000/6000 (33.3%)
Progress: 3000/6000 (50.0%)
Progress: 4000/6000 (66.7%)
Progress: 5000/6000 (83.3%)
105
Progress: 0/6000 (0.0%)
Progress: 1000/6000 (16.7%)
Progress: 2000/6000 (33.3%)
Progress: 3000/6000 (50.0%)
Progress: 4000/6000 (66.7%)
Progress: 5000/6000 (83.3%)
106
Progress: 0/6000 (0.0%)
Progress: 1000/6000 (16.7%)
Progress: 2000/6000 (33.3%)
Progress: 3000/6000 (50.0%)
Progress: 4000/6000 (66.7%)
Progress: 5000/6000 (83.3%)
107
Progress: 0/6000 (0.0%)
Progress: 1000/6000 (16.7%)
Progress: 2000/6000 (33.3%)
Progress: 3000/6000 (50.0%)
Progress: 4000/6000 (66.7%)
Progress: 5000/6000 (83.3%)
108
Progress: 0/6000 (0.0%)
Progress: 1000/6000 (16.7%)
Progress: 2000/6000 (33.3%)
Progress: 3000/6000 (50.0%)
Progress: 4000/6000 (66.7%)
Progress: 5000/6000 (83.3%)
oops
5724
109
Progress: 0/6000 (0.0%)
Progress: 1000/6000 (16.7%)
Progress: 2000/6000 (33.3%)
Progress: 3000/6000 (50.0%)
Progress: 4000/6000 (66.7%)
Progress: 5000/6000 (83.3%)
110
Progress: 0/6000 (0.0%)
Progress: 1000/6000 (16.7%)
Progress: 2000/6000 (33.3%)
oops
2739
111
Progress: 0/6000 (0.0%)
Progress: 1000/6000 (16.7%)
Progress: 2000/6000 (33.3%)
Progress: 3000/6000 (50.0%)
Progress: 4000/6000 (66.7%)
Progress: 5000/6000 (83.3%)
112
Progress: 0/6000 (0.0%)
Progress: 1000/6000 (16.7%)
Progress: 2000/6000 (33.3%)
Progress: 3000/6000 (50.0%)
Progress: 4000/6000 (66.7%)
Progress: 5000/6000 (83.3%)
113
Progress: 0/6000 (0.0%)
Progress: 1000/6000 (16.7%)
Progress: 2000/6000 (33.3%)
Progress: 3000/6000 (50.0%)
Progress: 4000/6000 (66.7%)
Progress: 5000/6000 (83.3%)
114
Progress: 0/6000 (0.0%)
oops
599
115
Progress: 0/6000 (0.0%)
Progress: 1000/6000 (16.7%)
Progress: 2000/6000 (33.3%)
Progress: 3000/6000 (50.0%)
Progress: 4000/6000 (66.7%)
Progress: 5000/6000 (83.3%)
116
Progress: 0/6000 (0.0%)
Progress: 1000/6000 (16.7%)
Progress: 2000/6000 (33.3%)
Progress: 3000/6000 (50.0%)
Progress: 4000/6000 (66.7%)
Progress: 5000/6000 (83.3%)
117
Progress: 0/6000 (0.0%)
Progress: 1000/6000 (16.7%)
Progress: 2000/6000 (33.3%)
oops
2662
118
Progress: 0/6000 (0.0%)
Progress: 1000/6000 (16.7%)
Progress: 2000/6000 (33.3%)
Progress: 3000/6000 (50.0%)
Progress: 4000/6000 (66.7%)
Progress: 5000/6000 (83.3%)
119
Progress: 0/6000 (0.0%)
oops
532
120
Progress: 0/6000 (0.0%)
Progress: 1000/6000 (16.7%)
Progress: 2000/6000 (33.3%)
Progress: 3000/6000 (50.0%)
Progress: 4000/6000 (66.7%)
Progress: 5000/6000 (83.3%)
121
Progress: 0/6000 (0.0%)
Progress: 1000/6000 (16.7%)
Progress: 2000/6000 (33.3%)
Progress: 3000/6000 (50.0%)
Progress: 4000/6000 (66.7%)
Progress: 5000/6000 (83.3%)
122
Progress: 0/6000 (0.0%)
Progress: 1000/6000 (16.7%)
Progress: 2000/6000 (33.3%)
Progress: 3000/6000 (50.0%)
Progress: 4000/6000 (66.7%)
Progress: 5000/6000 (83.3%)
123
Progress: 0/6000 (0.0%)
Progress: 1000/6000 (16.7%)
Progress: 2000/6000 (33.3%)
Progress: 3000/6000 (50.0%)
Progress: 4000/6000 (66.7%)
Progress: 5000/6000 (83.3%)
124
Progress: 0/6000 (0.0%)
Progress: 1000/6000 (16.7%)
Progress: 2000/6000 (33.3%)
Progress: 3000/6000 (50.0%)
Progress: 4000/6000 (66.7%)
Progress: 5000/6000 (83.3%)
125
Progress: 0/6000 (0.0%)
oops
208
126
Progress: 0/6000 (0.0%)
Progress: 1000/6000 (16.7%)
Progress: 2000/6000 (33.3%)
Progress: 3000/6000 (50.0%)
Progress: 4000/6000 (66.7%)
Progress: 5000/6000 (83.3%)
127
Progress: 0/6000 (0.0%)
Progress: 1000/6000 (16.7%)
Progress: 2000/6000 (33.3%)
Progress: 3000/6000 (50.0%)
Progress: 4000/6000 (66.7%)
Progress: 5000/6000 (83.3%)
128
Progress: 0/6000 (0.0%)
Progress: 1000/6000 (16.7%)
Progress: 2000/6000 (33.3%)
Progress: 3000/6000 (50.0%)
Progress: 4000/6000 (66.7%)
Progress: 5000/6000 (83.3%)
129
Progress: 0/6000 (0.0%)
Progress: 1000/6000 (16.7%)
Progress: 2000/6000 (33.3%)
Progress: 3000/6000 (50.0%)
Progress: 4000/6000 (66.7%)
Progress: 5000/6000 (83.3%)
130
Progress: 0/6000 (0.0%)
oops
444
131
Progress: 0/6000 (0.0%)
Progress: 1000/6000 (16.7%)
Progress: 2000/6000 (33.3%)
Progress: 3000/6000 (50.0%)
Progress: 4000/6000 (66.7%)
Progress: 5000/6000 (83.3%)
132
Progress: 0/6000 (0.0%)
Progress: 1000/6000 (16.7%)
Progress: 2000/6000 (33.3%)
Progress: 3000/6000 (50.0%)
Progress: 4000/6000 (66.7%)
Progress: 5000/6000 (83.3%)
133
Progress: 0/6000 (0.0%)
Progress: 1000/6000 (16.7%)
Progress: 2000/6000 (33.3%)
Progress: 3000/6000 (50.0%)
Progress: 4000/6000 (66.7%)
Progress: 5000/6000 (83.3%)
134
Progress: 0/6000 (0.0%)
Progress: 1000/6000 (16.7%)
Progress: 2000/6000 (33.3%)
Progress: 3000/6000 (50.0%)
Progress: 4000/6000 (66.7%)
Progress: 5000/6000 (83.3%)
oops
5084
135
Progress: 0/6000 (0.0%)
Progress: 1000/6000 (16.7%)
Progress: 2000/6000 (33.3%)
Progress: 3000/6000 (50.0%)
Progress: 4000/6000 (66.7%)
Progress: 5000/6000 (83.3%)
136
Progress: 0/6000 (0.0%)
Progress: 1000/6000 (16.7%)
Progress: 2000/6000 (33.3%)
Progress: 3000/6000 (50.0%)
Progress: 4000/6000 (66.7%)
Progress: 5000/6000 (83.3%)
137
Progress: 0/6000 (0.0%)
Progress: 1000/6000 (16.7%)
Progress: 2000/6000 (33.3%)
Progress: 3000/6000 (50.0%)
Progress: 4000/6000 (66.7%)
Progress: 5000/6000 (83.3%)
oops
5785
138
Progress: 0/6000 (0.0%)
Progress: 1000/6000 (16.7%)
Progress: 2000/6000 (33.3%)
Progress: 3000/6000 (50.0%)
Progress: 4000/6000 (66.7%)
Progress: 5000/6000 (83.3%)
139
Progress: 0/6000 (0.0%)
Progress: 1000/6000 (16.7%)
Progress: 2000/6000 (33.3%)
Progress: 3000/6000 (50.0%)
Progress: 4000/6000 (66.7%)
Progress: 5000/6000 (83.3%)
140
Progress: 0/6000 (0.0%)
Progress: 1000/6000 (16.7%)
Progress: 2000/6000 (33.3%)
Progress: 3000/6000 (50.0%)
Progress: 4000/6000 (66.7%)
Progress: 5000/6000 (83.3%)
141
Progress: 0/6000 (0.0%)
Progress: 1000/6000 (16.7%)
Progress: 2000/6000 (33.3%)
Progress: 3000/6000 (50.0%)
Progress: 4000/6000 (66.7%)
Progress: 5000/6000 (83.3%)
142
Progress: 0/6000 (0.0%)
Progress: 1000/6000 (16.7%)
Progress: 2000/6000 (33.3%)
Progress: 3000/6000 (50.0%)
Progress: 4000/6000 (66.7%)
Progress: 5000/6000 (83.3%)
143
Progress: 0/6000 (0.0%)
Progress: 1000/6000 (16.7%)
Progress: 2000/6000 (33.3%)
Progress: 3000/6000 (50.0%)
Progress: 4000/6000 (66.7%)
Progress: 5000/6000 (83.3%)
144
Progress: 0/6000 (0.0%)
Progress: 1000/6000 (16.7%)
Progress: 2000/6000 (33.3%)
Progress: 3000/6000 (50.0%)
Progress: 4000/6000 (66.7%)
Progress: 5000/6000 (83.3%)
145
Progress: 0/6000 (0.0%)
Progress: 1000/6000 (16.7%)
Progress: 2000/6000 (33.3%)
Progress: 3000/6000 (50.0%)
Progress: 4000/6000 (66.7%)
Progress: 5000/6000 (83.3%)
146
Progress: 0/6000 (0.0%)
Progress: 1000/6000 (16.7%)
Progress: 2000/6000 (33.3%)
Progress: 3000/6000 (50.0%)
Progress: 4000/6000 (66.7%)
Progress: 5000/6000 (83.3%)
147
Progress: 0/6000 (0.0%)
Progress: 1000/6000 (16.7%)
Progress: 2000/6000 (33.3%)
Progress: 3000/6000 (50.0%)
Progress: 4000/6000 (66.7%)
Progress: 5000/6000 (83.3%)
148
Progress: 0/6000 (0.0%)
Progress: 1000/6000 (16.7%)
Progress: 2000/6000 (33.3%)
Progress: 3000/6000 (50.0%)
Progress: 4000/6000 (66.7%)
Progress: 5000/6000 (83.3%)
149
Progress: 0/6000 (0.0%)
Progress: 1000/6000 (16.7%)
Progress: 2000/6000 (33.3%)
Progress: 3000/6000 (50.0%)
Progress: 4000/6000 (66.7%)
Progress: 5000/6000 (83.3%)
150
Progress: 0/6000 (0.0%)
Progress: 1000/6000 (16.7%)
Progress: 2000/6000 (33.3%)
Progress: 3000/6000 (50.0%)
Progress: 4000/6000 (66.7%)
Progress: 5000/6000 (83.3%)
151
Progress: 0/6000 (0.0%)
Progress: 1000/6000 (16.7%)
Progress: 2000/6000 (33.3%)
Progress: 3000/6000 (50.0%)
Progress: 4000/6000 (66.7%)
Progress: 5000/6000 (83.3%)
152
Progress: 0/6000 (0.0%)
Progress: 1000/6000 (16.7%)
Progress: 2000/6000 (33.3%)
Progress: 3000/6000 (50.0%)
Progress: 4000/6000 (66.7%)
Progress: 5000/6000 (83.3%)
153
Progress: 0/6000 (0.0%)
Progress: 1000/6000 (16.7%)
Progress: 2000/6000 (33.3%)
Progress: 3000/6000 (50.0%)
Progress: 4000/6000 (66.7%)
Progress: 5000/6000 (83.3%)
154
Progress: 0/6000 (0.0%)
Progress: 1000/6000 (16.7%)
Progress: 2000/6000 (33.3%)
Progress: 3000/6000 (50.0%)
Progress: 4000/6000 (66.7%)
Progress: 5000/6000 (83.3%)
155
Progress: 0/6000 (0.0%)
Progress: 1000/6000 (16.7%)
Progress: 2000/6000 (33.3%)
Progress: 3000/6000 (50.0%)
Progress: 4000/6000 (66.7%)
Progress: 5000/6000 (83.3%)
156
Progress: 0/6000 (0.0%)
Progress: 1000/6000 (16.7%)
Progress: 2000/6000 (33.3%)
Progress: 3000/6000 (50.0%)
Progress: 4000/6000 (66.7%)
Progress: 5000/6000 (83.3%)
157
Progress: 0/6000 (0.0%)
Progress: 1000/6000 (16.7%)
Progress: 2000/6000 (33.3%)
Progress: 3000/6000 (50.0%)
Progress: 4000/6000 (66.7%)
Progress: 5000/6000 (83.3%)
158
Progress: 0/6000 (0.0%)
Progress: 1000/6000 (16.7%)
Progress: 2000/6000 (33.3%)
Progress: 3000/6000 (50.0%)
Progress: 4000/6000 (66.7%)
Progress: 5000/6000 (83.3%)
159
Progress: 0/6000 (0.0%)
Progress: 1000/6000 (16.7%)
Progress: 2000/6000 (33.3%)
Progress: 3000/6000 (50.0%)
Progress: 4000/6000 (66.7%)
Progress: 5000/6000 (83.3%)
160
Progress: 0/6000 (0.0%)
Progress: 1000/6000 (16.7%)
Progress: 2000/6000 (33.3%)
Progress: 3000/6000 (50.0%)
Progress: 4000/6000 (66.7%)
Progress: 5000/6000 (83.3%)
161
Progress: 0/6000 (0.0%)
Progress: 1000/6000 (16.7%)
Progress: 2000/6000 (33.3%)
Progress: 3000/6000 (50.0%)
Progress: 4000/6000 (66.7%)
Progress: 5000/6000 (83.3%)
162
Progress: 0/6000 (0.0%)
Progress: 1000/6000 (16.7%)
Progress: 2000/6000 (33.3%)
Progress: 3000/6000 (50.0%)
Progress: 4000/6000 (66.7%)
Progress: 5000/6000 (83.3%)
163
Progress: 0/6000 (0.0%)
Progress: 1000/6000 (16.7%)
Progress: 2000/6000 (33.3%)
Progress: 3000/6000 (50.0%)
Progress: 4000/6000 (66.7%)
Progress: 5000/6000 (83.3%)
164
Progress: 0/6000 (0.0%)
Progress: 1000/6000 (16.7%)
Progress: 2000/6000 (33.3%)
Progress: 3000/6000 (50.0%)
Progress: 4000/6000 (66.7%)
Progress: 5000/6000 (83.3%)
165
Progress: 0/6000 (0.0%)
Progress: 1000/6000 (16.7%)
Progress: 2000/6000 (33.3%)
Progress: 3000/6000 (50.0%)
Progress: 4000/6000 (66.7%)
Progress: 5000/6000 (83.3%)
166
Progress: 0/6000 (0.0%)
Progress: 1000/6000 (16.7%)
Progress: 2000/6000 (33.3%)
Progress: 3000/6000 (50.0%)
Progress: 4000/6000 (66.7%)
Progress: 5000/6000 (83.3%)
167
Progress: 0/6000 (0.0%)
Progress: 1000/6000 (16.7%)
Progress: 2000/6000 (33.3%)
Progress: 3000/6000 (50.0%)
Progress: 4000/6000 (66.7%)
Progress: 5000/6000 (83.3%)
168
Progress: 0/6000 (0.0%)
Progress: 1000/6000 (16.7%)
Progress: 2000/6000 (33.3%)
Progress: 3000/6000 (50.0%)
Progress: 4000/6000 (66.7%)
Progress: 5000/6000 (83.3%)
169
Progress: 0/6000 (0.0%)
Progress: 1000/6000 (16.7%)
Progress: 2000/6000 (33.3%)
Progress: 3000/6000 (50.0%)
Progress: 4000/6000 (66.7%)
Progress: 5000/6000 (83.3%)
170
Progress: 0/6000 (0.0%)
Progress: 1000/6000 (16.7%)
Progress: 2000/6000 (33.3%)
Progress: 3000/6000 (50.0%)
Progress: 4000/6000 (66.7%)
Progress: 5000/6000 (83.3%)
oops
5934
171
Progress: 0/6000 (0.0%)
Progress: 1000/6000 (16.7%)
Progress: 2000/6000 (33.3%)
Progress: 3000/6000 (50.0%)
Progress: 4000/6000 (66.7%)
oops
4629
172
Progress: 0/6000 (0.0%)
oops
739
173
Progress: 0/6000 (0.0%)
Progress: 1000/6000 (16.7%)
Progress: 2000/6000 (33.3%)
Progress: 3000/6000 (50.0%)
Progress: 4000/6000 (66.7%)
Progress: 5000/6000 (83.3%)
174
Progress: 0/6000 (0.0%)
Progress: 1000/6000 (16.7%)
Progress: 2000/6000 (33.3%)
Progress: 3000/6000 (50.0%)
Progress: 4000/6000 (66.7%)
Progress: 5000/6000 (83.3%)
175
Progress: 0/6000 (0.0%)
Progress: 1000/6000 (16.7%)
Progress: 2000/6000 (33.3%)
Progress: 3000/6000 (50.0%)
Progress: 4000/6000 (66.7%)
Progress: 5000/6000 (83.3%)
176
Progress: 0/6000 (0.0%)
Progress: 1000/6000 (16.7%)
Progress: 2000/6000 (33.3%)
Progress: 3000/6000 (50.0%)
Progress: 4000/6000 (66.7%)
Progress: 5000/6000 (83.3%)
177
Progress: 0/6000 (0.0%)
Progress: 1000/6000 (16.7%)
Progress: 2000/6000 (33.3%)
Progress: 3000/6000 (50.0%)
Progress: 4000/6000 (66.7%)
Progress: 5000/6000 (83.3%)
178
Progress: 0/6000 (0.0%)
Progress: 1000/6000 (16.7%)
Progress: 2000/6000 (33.3%)
Progress: 3000/6000 (50.0%)
Progress: 4000/6000 (66.7%)
Progress: 5000/6000 (83.3%)
179
Progress: 0/6000 (0.0%)
Progress: 1000/6000 (16.7%)
Progress: 2000/6000 (33.3%)
Progress: 3000/6000 (50.0%)
Progress: 4000/6000 (66.7%)
Progress: 5000/6000 (83.3%)
180
Progress: 0/6000 (0.0%)
Progress: 1000/6000 (16.7%)
Progress: 2000/6000 (33.3%)
Progress: 3000/6000 (50.0%)
Progress: 4000/6000 (66.7%)
Progress: 5000/6000 (83.3%)
181
Progress: 0/6000 (0.0%)
Progress: 1000/6000 (16.7%)
Progress: 2000/6000 (33.3%)
Progress: 3000/6000 (50.0%)
Progress: 4000/6000 (66.7%)
Progress: 5000/6000 (83.3%)
182
Progress: 0/6000 (0.0%)
Progress: 1000/6000 (16.7%)
Progress: 2000/6000 (33.3%)
Progress: 3000/6000 (50.0%)
Progress: 4000/6000 (66.7%)
Progress: 5000/6000 (83.3%)
183
Progress: 0/6000 (0.0%)
Progress: 1000/6000 (16.7%)
Progress: 2000/6000 (33.3%)
Progress: 3000/6000 (50.0%)
Progress: 4000/6000 (66.7%)
Progress: 5000/6000 (83.3%)
184
Progress: 0/6000 (0.0%)
Progress: 1000/6000 (16.7%)
Progress: 2000/6000 (33.3%)
Progress: 3000/6000 (50.0%)
Progress: 4000/6000 (66.7%)
Progress: 5000/6000 (83.3%)
185
Progress: 0/6000 (0.0%)
Progress: 1000/6000 (16.7%)
Progress: 2000/6000 (33.3%)
Progress: 3000/6000 (50.0%)
Progress: 4000/6000 (66.7%)
Progress: 5000/6000 (83.3%)
186
Progress: 0/6000 (0.0%)
Progress: 1000/6000 (16.7%)
Progress: 2000/6000 (33.3%)
Progress: 3000/6000 (50.0%)
Progress: 4000/6000 (66.7%)
Progress: 5000/6000 (83.3%)
187
Progress: 0/6000 (0.0%)
Progress: 1000/6000 (16.7%)
Progress: 2000/6000 (33.3%)
Progress: 3000/6000 (50.0%)
Progress: 4000/6000 (66.7%)
Progress: 5000/6000 (83.3%)
oops
5490
188
Progress: 0/6000 (0.0%)
Progress: 1000/6000 (16.7%)
Progress: 2000/6000 (33.3%)
Progress: 3000/6000 (50.0%)
Progress: 4000/6000 (66.7%)
oops
4958
189
Progress: 0/6000 (0.0%)
Progress: 1000/6000 (16.7%)
Progress: 2000/6000 (33.3%)
Progress: 3000/6000 (50.0%)
Progress: 4000/6000 (66.7%)
Progress: 5000/6000 (83.3%)
190
Progress: 0/6000 (0.0%)
Progress: 1000/6000 (16.7%)
Progress: 2000/6000 (33.3%)
Progress: 3000/6000 (50.0%)
Progress: 4000/6000 (66.7%)
Progress: 5000/6000 (83.3%)
191
Progress: 0/6000 (0.0%)
Progress: 1000/6000 (16.7%)
Progress: 2000/6000 (33.3%)
Progress: 3000/6000 (50.0%)
Progress: 4000/6000 (66.7%)
Progress: 5000/6000 (83.3%)
192
Progress: 0/6000 (0.0%)
Progress: 1000/6000 (16.7%)
Progress: 2000/6000 (33.3%)
Progress: 3000/6000 (50.0%)
Progress: 4000/6000 (66.7%)
Progress: 5000/6000 (83.3%)
193
Progress: 0/6000 (0.0%)
Progress: 1000/6000 (16.7%)
Progress: 2000/6000 (33.3%)
Progress: 3000/6000 (50.0%)
Progress: 4000/6000 (66.7%)
Progress: 5000/6000 (83.3%)
194
Progress: 0/6000 (0.0%)
Progress: 1000/6000 (16.7%)
Progress: 2000/6000 (33.3%)
Progress: 3000/6000 (50.0%)
Progress: 4000/6000 (66.7%)
Progress: 5000/6000 (83.3%)
195
Progress: 0/6000 (0.0%)
oops
578
196
Progress: 0/6000 (0.0%)
Progress: 1000/6000 (16.7%)
Progress: 2000/6000 (33.3%)
Progress: 3000/6000 (50.0%)
Progress: 4000/6000 (66.7%)
Progress: 5000/6000 (83.3%)
197
Progress: 0/6000 (0.0%)
Progress: 1000/6000 (16.7%)
Progress: 2000/6000 (33.3%)
Progress: 3000/6000 (50.0%)
oops
3864
198
Progress: 0/6000 (0.0%)
Progress: 1000/6000 (16.7%)
Progress: 2000/6000 (33.3%)
Progress: 3000/6000 (50.0%)
Progress: 4000/6000 (66.7%)
Progress: 5000/6000 (83.3%)
199
ok