nohup: ignoring input
Progress: 0/4000 (0.0%)
Progress: 1000/4000 (25.0%)
Progress: 2000/4000 (50.0%)
Progress: 3000/4000 (75.0%)
0
Progress: 0/4000 (0.0%)
Progress: 1000/4000 (25.0%)
Progress: 2000/4000 (50.0%)
Progress: 3000/4000 (75.0%)
1
Progress: 0/4000 (0.0%)
Progress: 1000/4000 (25.0%)
Progress: 2000/4000 (50.0%)
Progress: 3000/4000 (75.0%)
2
Progress: 0/4000 (0.0%)
Progress: 1000/4000 (25.0%)
Progress: 2000/4000 (50.0%)
Progress: 3000/4000 (75.0%)
3
Progress: 0/4000 (0.0%)
Progress: 1000/4000 (25.0%)
Progress: 2000/4000 (50.0%)
Progress: 3000/4000 (75.0%)
4
Progress: 0/4000 (0.0%)
Progress: 1000/4000 (25.0%)
Progress: 2000/4000 (50.0%)
Progress: 3000/4000 (75.0%)
5
Progress: 0/4000 (0.0%)
Progress: 1000/4000 (25.0%)
Progress: 2000/4000 (50.0%)
Progress: 3000/4000 (75.0%)
6
Progress: 0/4000 (0.0%)
Progress: 1000/4000 (25.0%)
Progress: 2000/4000 (50.0%)
Progress: 3000/4000 (75.0%)
7
Progress: 0/4000 (0.0%)
Progress: 1000/4000 (25.0%)
Progress: 2000/4000 (50.0%)
Progress: 3000/4000 (75.0%)
8
Progress: 0/4000 (0.0%)
Progress: 1000/4000 (25.0%)
Progress: 2000/4000 (50.0%)
Progress: 3000/4000 (75.0%)
9
Progress: 0/4000 (0.0%)
oops
660
10
Progress: 0/4000 (0.0%)
Progress: 1000/4000 (25.0%)
Progress: 2000/4000 (50.0%)
Progress: 3000/4000 (75.0%)
11
Progress: 0/4000 (0.0%)
Progress: 1000/4000 (25.0%)
Progress: 2000/4000 (50.0%)
Progress: 3000/4000 (75.0%)
12
Progress: 0/4000 (0.0%)
Progress: 1000/4000 (25.0%)
Progress: 2000/4000 (50.0%)
Progress: 3000/4000 (75.0%)
13
Progress: 0/4000 (0.0%)
Progress: 1000/4000 (25.0%)
Progress: 2000/4000 (50.0%)
Progress: 3000/4000 (75.0%)
14
Progress: 0/4000 (0.0%)
Progress: 1000/4000 (25.0%)
Progress: 2000/4000 (50.0%)
Progress: 3000/4000 (75.0%)
15
Progress: 0/4000 (0.0%)
Progress: 1000/4000 (25.0%)
Progress: 2000/4000 (50.0%)
Progress: 3000/4000 (75.0%)
16
Progress: 0/4000 (0.0%)
Progress: 1000/4000 (25.0%)
Progress: 2000/4000 (50.0%)
Progress: 3000/4000 (75.0%)
17
Progress: 0/4000 (0.0%)
Progress: 1000/4000 (25.0%)
Progress: 2000/4000 (50.0%)
Progress: 3000/4000 (75.0%)
18
Progress: 0/4000 (0.0%)
Progress: 1000/4000 (25.0%)
Progress: 2000/4000 (50.0%)
Progress: 3000/4000 (75.0%)
19
Progress: 0/4000 (0.0%)
Progress: 1000/4000 (25.0%)
Progress: 2000/4000 (50.0%)
Progress: 3000/4000 (75.0%)
20
Progress: 0/4000 (0.0%)
Progress: 1000/4000 (25.0%)
Progress: 2000/4000 (50.0%)
Progress: 3000/4000 (75.0%)
21
Progress: 0/4000 (0.0%)
Progress: 1000/4000 (25.0%)
Progress: 2000/4000 (50.0%)
Progress: 3000/4000 (75.0%)
22
Progress: 0/4000 (0.0%)
Progress: 1000/4000 (25.0%)
Progress: 2000/4000 (50.0%)
Progress: 3000/4000 (75.0%)
23
Progress: 0/4000 (0.0%)
Progress: 1000/4000 (25.0%)
Progress: 2000/4000 (50.0%)
Progress: 3000/4000 (75.0%)
24
Progress: 0/4000 (0.0%)
Progress: 1000/4000 (25.0%)
Progress: 2000/4000 (50.0%)
Progress: 3000/4000 (75.0%)
25
Progress: 0/4000 (0.0%)
Progress: 1000/4000 (25.0%)
Progress: 2000/4000 (50.0%)
Progress: 3000/4000 (75.0%)
26
Progress: 0/4000 (0.0%)
Progress: 1000/4000 (25.0%)
Progress: 2000/4000 (50.0%)
Progress: 3000/4000 (75.0%)
27
Progress: 0/4000 (0.0%)
Progress: 1000/4000 (25.0%)
Progress: 2000/4000 (50.0%)
Progress: 3000/4000 (75.0%)
28
Progress: 0/4000 (0.0%)
Progress: 1000/4000 (25.0%)
Progress: 2000/4000 (50.0%)
Progress: 3000/4000 (75.0%)
29
Progress: 0/4000 (0.0%)
Progress: 1000/4000 (25.0%)
Progress: 2000/4000 (50.0%)
Progress: 3000/4000 (75.0%)
30
Progress: 0/4000 (0.0%)
Progress: 1000/4000 (25.0%)
Progress: 2000/4000 (50.0%)
Progress: 3000/4000 (75.0%)
31
Progress: 0/4000 (0.0%)
Progress: 1000/4000 (25.0%)
Progress: 2000/4000 (50.0%)
Progress: 3000/4000 (75.0%)
32
Progress: 0/4000 (0.0%)
Progress: 1000/4000 (25.0%)
Progress: 2000/4000 (50.0%)
Progress: 3000/4000 (75.0%)
33
Progress: 0/4000 (0.0%)
Progress: 1000/4000 (25.0%)
Progress: 2000/4000 (50.0%)
Progress: 3000/4000 (75.0%)
34
Progress: 0/4000 (0.0%)
Progress: 1000/4000 (25.0%)
Progress: 2000/4000 (50.0%)
Progress: 3000/4000 (75.0%)
35
Progress: 0/4000 (0.0%)
Progress: 1000/4000 (25.0%)
Progress: 2000/4000 (50.0%)
Progress: 3000/4000 (75.0%)
36
Progress: 0/4000 (0.0%)
Progress: 1000/4000 (25.0%)
Progress: 2000/4000 (50.0%)
Progress: 3000/4000 (75.0%)
37
Progress: 0/4000 (0.0%)
Progress: 1000/4000 (25.0%)
Progress: 2000/4000 (50.0%)
Progress: 3000/4000 (75.0%)
38
Progress: 0/4000 (0.0%)
Progress: 1000/4000 (25.0%)
Progress: 2000/4000 (50.0%)
Progress: 3000/4000 (75.0%)
39
Progress: 0/4000 (0.0%)
Progress: 1000/4000 (25.0%)
Progress: 2000/4000 (50.0%)
Progress: 3000/4000 (75.0%)
40
Progress: 0/4000 (0.0%)
Progress: 1000/4000 (25.0%)
Progress: 2000/4000 (50.0%)
Progress: 3000/4000 (75.0%)
41
Progress: 0/4000 (0.0%)
Progress: 1000/4000 (25.0%)
Progress: 2000/4000 (50.0%)
Progress: 3000/4000 (75.0%)
42
Progress: 0/4000 (0.0%)
Progress: 1000/4000 (25.0%)
Progress: 2000/4000 (50.0%)
Progress: 3000/4000 (75.0%)
43
Progress: 0/4000 (0.0%)
Progress: 1000/4000 (25.0%)
Progress: 2000/4000 (50.0%)
oops
2574
44
Progress: 0/4000 (0.0%)
Progress: 1000/4000 (25.0%)
Progress: 2000/4000 (50.0%)
Progress: 3000/4000 (75.0%)
oops
3516
45
Progress: 0/4000 (0.0%)
Progress: 1000/4000 (25.0%)
Progress: 2000/4000 (50.0%)
Progress: 3000/4000 (75.0%)
46
Progress: 0/4000 (0.0%)
Progress: 1000/4000 (25.0%)
Progress: 2000/4000 (50.0%)
Progress: 3000/4000 (75.0%)
47
Progress: 0/4000 (0.0%)
Progress: 1000/4000 (25.0%)
Progress: 2000/4000 (50.0%)
Progress: 3000/4000 (75.0%)
48
Progress: 0/4000 (0.0%)
oops
737
49
Progress: 0/4000 (0.0%)
Progress: 1000/4000 (25.0%)
Progress: 2000/4000 (50.0%)
Progress: 3000/4000 (75.0%)
50
Progress: 0/4000 (0.0%)
Progress: 1000/4000 (25.0%)
Progress: 2000/4000 (50.0%)
Progress: 3000/4000 (75.0%)
51
Progress: 0/4000 (0.0%)
Progress: 1000/4000 (25.0%)
Progress: 2000/4000 (50.0%)
Progress: 3000/4000 (75.0%)
52
Progress: 0/4000 (0.0%)
Progress: 1000/4000 (25.0%)
Progress: 2000/4000 (50.0%)
Progress: 3000/4000 (75.0%)
53
Progress: 0/4000 (0.0%)
Progress: 1000/4000 (25.0%)
Progress: 2000/4000 (50.0%)
Progress: 3000/4000 (75.0%)
54
Progress: 0/4000 (0.0%)
Progress: 1000/4000 (25.0%)
Progress: 2000/4000 (50.0%)
Progress: 3000/4000 (75.0%)
55
Progress: 0/4000 (0.0%)
Progress: 1000/4000 (25.0%)
Progress: 2000/4000 (50.0%)
Progress: 3000/4000 (75.0%)
56
Progress: 0/4000 (0.0%)
Progress: 1000/4000 (25.0%)
Progress: 2000/4000 (50.0%)
Progress: 3000/4000 (75.0%)
57
Progress: 0/4000 (0.0%)
Progress: 1000/4000 (25.0%)
Progress: 2000/4000 (50.0%)
Progress: 3000/4000 (75.0%)
58
Progress: 0/4000 (0.0%)
Progress: 1000/4000 (25.0%)
Progress: 2000/4000 (50.0%)
Progress: 3000/4000 (75.0%)
59
Progress: 0/4000 (0.0%)
Progress: 1000/4000 (25.0%)
Progress: 2000/4000 (50.0%)
Progress: 3000/4000 (75.0%)
60
Progress: 0/4000 (0.0%)
Progress: 1000/4000 (25.0%)
Progress: 2000/4000 (50.0%)
Progress: 3000/4000 (75.0%)
61
Progress: 0/4000 (0.0%)
Progress: 1000/4000 (25.0%)
Progress: 2000/4000 (50.0%)
Progress: 3000/4000 (75.0%)
62
Progress: 0/4000 (0.0%)
Progress: 1000/4000 (25.0%)
Progress: 2000/4000 (50.0%)
Progress: 3000/4000 (75.0%)
63
Progress: 0/4000 (0.0%)
Progress: 1000/4000 (25.0%)
Progress: 2000/4000 (50.0%)
Progress: 3000/4000 (75.0%)
64
Progress: 0/4000 (0.0%)
Progress: 1000/4000 (25.0%)
Progress: 2000/4000 (50.0%)
Progress: 3000/4000 (75.0%)
65
Progress: 0/4000 (0.0%)
Progress: 1000/4000 (25.0%)
Progress: 2000/4000 (50.0%)
Progress: 3000/4000 (75.0%)
66
Progress: 0/4000 (0.0%)
Progress: 1000/4000 (25.0%)
Progress: 2000/4000 (50.0%)
Progress: 3000/4000 (75.0%)
67
Progress: 0/4000 (0.0%)
Progress: 1000/4000 (25.0%)
Progress: 2000/4000 (50.0%)
Progress: 3000/4000 (75.0%)
68
Progress: 0/4000 (0.0%)
Progress: 1000/4000 (25.0%)
Progress: 2000/4000 (50.0%)
Progress: 3000/4000 (75.0%)
69
Progress: 0/4000 (0.0%)
Progress: 1000/4000 (25.0%)
Progress: 2000/4000 (50.0%)
Progress: 3000/4000 (75.0%)
70
Progress: 0/4000 (0.0%)
Progress: 1000/4000 (25.0%)
Progress: 2000/4000 (50.0%)
Progress: 3000/4000 (75.0%)
71
Progress: 0/4000 (0.0%)
Progress: 1000/4000 (25.0%)
Progress: 2000/4000 (50.0%)
oops
2263
72
Progress: 0/4000 (0.0%)
Progress: 1000/4000 (25.0%)
Progress: 2000/4000 (50.0%)
Progress: 3000/4000 (75.0%)
73
Progress: 0/4000 (0.0%)
Progress: 1000/4000 (25.0%)
Progress: 2000/4000 (50.0%)
Progress: 3000/4000 (75.0%)
74
Progress: 0/4000 (0.0%)
Progress: 1000/4000 (25.0%)
Progress: 2000/4000 (50.0%)
Progress: 3000/4000 (75.0%)
75
Progress: 0/4000 (0.0%)
Progress: 1000/4000 (25.0%)
Progress: 2000/4000 (50.0%)
oops
2383
76
Progress: 0/4000 (0.0%)
Progress: 1000/4000 (25.0%)
Progress: 2000/4000 (50.0%)
Progress: 3000/4000 (75.0%)
77
Progress: 0/4000 (0.0%)
Progress: 1000/4000 (25.0%)
Progress: 2000/4000 (50.0%)
Progress: 3000/4000 (75.0%)
78
Progress: 0/4000 (0.0%)
Progress: 1000/4000 (25.0%)
Progress: 2000/4000 (50.0%)
Progress: 3000/4000 (75.0%)
79
Progress: 0/4000 (0.0%)
Progress: 1000/4000 (25.0%)
Progress: 2000/4000 (50.0%)
Progress: 3000/4000 (75.0%)
80
Progress: 0/4000 (0.0%)
Progress: 1000/4000 (25.0%)
Progress: 2000/4000 (50.0%)
Progress: 3000/4000 (75.0%)
81
Progress: 0/4000 (0.0%)
Progress: 1000/4000 (25.0%)
Progress: 2000/4000 (50.0%)
Progress: 3000/4000 (75.0%)
82
Progress: 0/4000 (0.0%)
Progress: 1000/4000 (25.0%)
Progress: 2000/4000 (50.0%)
Progress: 3000/4000 (75.0%)
83
Progress: 0/4000 (0.0%)
Progress: 1000/4000 (25.0%)
Progress: 2000/4000 (50.0%)
Progress: 3000/4000 (75.0%)
84
Progress: 0/4000 (0.0%)
Progress: 1000/4000 (25.0%)
Progress: 2000/4000 (50.0%)
Progress: 3000/4000 (75.0%)
85
Progress: 0/4000 (0.0%)
Progress: 1000/4000 (25.0%)
Progress: 2000/4000 (50.0%)
Progress: 3000/4000 (75.0%)
86
Progress: 0/4000 (0.0%)
Progress: 1000/4000 (25.0%)
Progress: 2000/4000 (50.0%)
Progress: 3000/4000 (75.0%)
87
Progress: 0/4000 (0.0%)
Progress: 1000/4000 (25.0%)
Progress: 2000/4000 (50.0%)
Progress: 3000/4000 (75.0%)
88
Progress: 0/4000 (0.0%)
Progress: 1000/4000 (25.0%)
Progress: 2000/4000 (50.0%)
Progress: 3000/4000 (75.0%)
89
Progress: 0/4000 (0.0%)
Progress: 1000/4000 (25.0%)
Progress: 2000/4000 (50.0%)
Progress: 3000/4000 (75.0%)
90
Progress: 0/4000 (0.0%)
Progress: 1000/4000 (25.0%)
Progress: 2000/4000 (50.0%)
Progress: 3000/4000 (75.0%)
91
Progress: 0/4000 (0.0%)
Progress: 1000/4000 (25.0%)
Progress: 2000/4000 (50.0%)
Progress: 3000/4000 (75.0%)
92
Progress: 0/4000 (0.0%)
Progress: 1000/4000 (25.0%)
Progress: 2000/4000 (50.0%)
Progress: 3000/4000 (75.0%)
93
Progress: 0/4000 (0.0%)
Progress: 1000/4000 (25.0%)
Progress: 2000/4000 (50.0%)
Progress: 3000/4000 (75.0%)
94
Progress: 0/4000 (0.0%)
Progress: 1000/4000 (25.0%)
Progress: 2000/4000 (50.0%)
Progress: 3000/4000 (75.0%)
95
Progress: 0/4000 (0.0%)
Progress: 1000/4000 (25.0%)
Progress: 2000/4000 (50.0%)
Progress: 3000/4000 (75.0%)
96
Progress: 0/4000 (0.0%)
Progress: 1000/4000 (25.0%)
Progress: 2000/4000 (50.0%)
Progress: 3000/4000 (75.0%)
97
Progress: 0/4000 (0.0%)
Progress: 1000/4000 (25.0%)
Progress: 2000/4000 (50.0%)
Progress: 3000/4000 (75.0%)
98
Progress: 0/4000 (0.0%)
Progress: 1000/4000 (25.0%)
Progress: 2000/4000 (50.0%)
Progress: 3000/4000 (75.0%)
99
Progress: 0/4000 (0.0%)
Progress: 1000/4000 (25.0%)
Progress: 2000/4000 (50.0%)
Progress: 3000/4000 (75.0%)
100
Progress: 0/4000 (0.0%)
Progress: 1000/4000 (25.0%)
Progress: 2000/4000 (50.0%)
Progress: 3000/4000 (75.0%)
101
Progress: 0/4000 (0.0%)
Progress: 1000/4000 (25.0%)
Progress: 2000/4000 (50.0%)
Progress: 3000/4000 (75.0%)
102
Progress: 0/4000 (0.0%)
Progress: 1000/4000 (25.0%)
Progress: 2000/4000 (50.0%)
Progress: 3000/4000 (75.0%)
103
Progress: 0/4000 (0.0%)
Progress: 1000/4000 (25.0%)
Progress: 2000/4000 (50.0%)
Progress: 3000/4000 (75.0%)
104
Progress: 0/4000 (0.0%)
Progress: 1000/4000 (25.0%)
Progress: 2000/4000 (50.0%)
Progress: 3000/4000 (75.0%)
105
Progress: 0/4000 (0.0%)
Progress: 1000/4000 (25.0%)
Progress: 2000/4000 (50.0%)
Progress: 3000/4000 (75.0%)
106
Progress: 0/4000 (0.0%)
Progress: 1000/4000 (25.0%)
Progress: 2000/4000 (50.0%)
Progress: 3000/4000 (75.0%)
107
Progress: 0/4000 (0.0%)
Progress: 1000/4000 (25.0%)
Progress: 2000/4000 (50.0%)
Progress: 3000/4000 (75.0%)
108
Progress: 0/4000 (0.0%)
Progress: 1000/4000 (25.0%)
Progress: 2000/4000 (50.0%)
Progress: 3000/4000 (75.0%)
109
Progress: 0/4000 (0.0%)
Progress: 1000/4000 (25.0%)
Progress: 2000/4000 (50.0%)
Progress: 3000/4000 (75.0%)
110
Progress: 0/4000 (0.0%)
Progress: 1000/4000 (25.0%)
Progress: 2000/4000 (50.0%)
Progress: 3000/4000 (75.0%)
111
Progress: 0/4000 (0.0%)
oops
769
112
Progress: 0/4000 (0.0%)
Progress: 1000/4000 (25.0%)
Progress: 2000/4000 (50.0%)
Progress: 3000/4000 (75.0%)
113
Progress: 0/4000 (0.0%)
Progress: 1000/4000 (25.0%)
Progress: 2000/4000 (50.0%)
Progress: 3000/4000 (75.0%)
114
Progress: 0/4000 (0.0%)
Progress: 1000/4000 (25.0%)
Progress: 2000/4000 (50.0%)
Progress: 3000/4000 (75.0%)
115
Progress: 0/4000 (0.0%)
Progress: 1000/4000 (25.0%)
Progress: 2000/4000 (50.0%)
Progress: 3000/4000 (75.0%)
oops
3805
116
Progress: 0/4000 (0.0%)
Progress: 1000/4000 (25.0%)
Progress: 2000/4000 (50.0%)
Progress: 3000/4000 (75.0%)
117
Progress: 0/4000 (0.0%)
Progress: 1000/4000 (25.0%)
Progress: 2000/4000 (50.0%)
Progress: 3000/4000 (75.0%)
118
Progress: 0/4000 (0.0%)
Progress: 1000/4000 (25.0%)
Progress: 2000/4000 (50.0%)
Progress: 3000/4000 (75.0%)
119
Progress: 0/4000 (0.0%)
oops
512
120
Progress: 0/4000 (0.0%)
Progress: 1000/4000 (25.0%)
Progress: 2000/4000 (50.0%)
Progress: 3000/4000 (75.0%)
121
Progress: 0/4000 (0.0%)
Progress: 1000/4000 (25.0%)
Progress: 2000/4000 (50.0%)
Progress: 3000/4000 (75.0%)
122
Progress: 0/4000 (0.0%)
Progress: 1000/4000 (25.0%)
Progress: 2000/4000 (50.0%)
Progress: 3000/4000 (75.0%)
123
Progress: 0/4000 (0.0%)
Progress: 1000/4000 (25.0%)
Progress: 2000/4000 (50.0%)
Progress: 3000/4000 (75.0%)
124
Progress: 0/4000 (0.0%)
Progress: 1000/4000 (25.0%)
Progress: 2000/4000 (50.0%)
Progress: 3000/4000 (75.0%)
125
Progress: 0/4000 (0.0%)
Progress: 1000/4000 (25.0%)
Progress: 2000/4000 (50.0%)
Progress: 3000/4000 (75.0%)
126
Progress: 0/4000 (0.0%)
Progress: 1000/4000 (25.0%)
Progress: 2000/4000 (50.0%)
Progress: 3000/4000 (75.0%)
127
Progress: 0/4000 (0.0%)
Progress: 1000/4000 (25.0%)
Progress: 2000/4000 (50.0%)
Progress: 3000/4000 (75.0%)
128
Progress: 0/4000 (0.0%)
Progress: 1000/4000 (25.0%)
Progress: 2000/4000 (50.0%)
Progress: 3000/4000 (75.0%)
129
Progress: 0/4000 (0.0%)
oops
512
130
Progress: 0/4000 (0.0%)
Progress: 1000/4000 (25.0%)
Progress: 2000/4000 (50.0%)
Progress: 3000/4000 (75.0%)
131
Progress: 0/4000 (0.0%)
Progress: 1000/4000 (25.0%)
Progress: 2000/4000 (50.0%)
Progress: 3000/4000 (75.0%)
132
Progress: 0/4000 (0.0%)
Progress: 1000/4000 (25.0%)
Progress: 2000/4000 (50.0%)
Progress: 3000/4000 (75.0%)
133
Progress: 0/4000 (0.0%)
Progress: 1000/4000 (25.0%)
Progress: 2000/4000 (50.0%)
Progress: 3000/4000 (75.0%)
134
Progress: 0/4000 (0.0%)
Progress: 1000/4000 (25.0%)
Progress: 2000/4000 (50.0%)
Progress: 3000/4000 (75.0%)
135
Progress: 0/4000 (0.0%)
Progress: 1000/4000 (25.0%)
Progress: 2000/4000 (50.0%)
Progress: 3000/4000 (75.0%)
136
Progress: 0/4000 (0.0%)
Progress: 1000/4000 (25.0%)
Progress: 2000/4000 (50.0%)
Progress: 3000/4000 (75.0%)
137
Progress: 0/4000 (0.0%)
Progress: 1000/4000 (25.0%)
Progress: 2000/4000 (50.0%)
Progress: 3000/4000 (75.0%)
138
Progress: 0/4000 (0.0%)
Progress: 1000/4000 (25.0%)
Progress: 2000/4000 (50.0%)
Progress: 3000/4000 (75.0%)
139
Progress: 0/4000 (0.0%)
Progress: 1000/4000 (25.0%)
Progress: 2000/4000 (50.0%)
Progress: 3000/4000 (75.0%)
140
Progress: 0/4000 (0.0%)
Progress: 1000/4000 (25.0%)
Progress: 2000/4000 (50.0%)
Progress: 3000/4000 (75.0%)
141
Progress: 0/4000 (0.0%)
oops
583
142
Progress: 0/4000 (0.0%)
Progress: 1000/4000 (25.0%)
Progress: 2000/4000 (50.0%)
Progress: 3000/4000 (75.0%)
143
Progress: 0/4000 (0.0%)
Progress: 1000/4000 (25.0%)
Progress: 2000/4000 (50.0%)
Progress: 3000/4000 (75.0%)
144
Progress: 0/4000 (0.0%)
Progress: 1000/4000 (25.0%)
Progress: 2000/4000 (50.0%)
Progress: 3000/4000 (75.0%)
145
Progress: 0/4000 (0.0%)
Progress: 1000/4000 (25.0%)
Progress: 2000/4000 (50.0%)
Progress: 3000/4000 (75.0%)
146
Progress: 0/4000 (0.0%)
Progress: 1000/4000 (25.0%)
Progress: 2000/4000 (50.0%)
Progress: 3000/4000 (75.0%)
147
Progress: 0/4000 (0.0%)
Progress: 1000/4000 (25.0%)
Progress: 2000/4000 (50.0%)
Progress: 3000/4000 (75.0%)
148
Progress: 0/4000 (0.0%)
Progress: 1000/4000 (25.0%)
Progress: 2000/4000 (50.0%)
Progress: 3000/4000 (75.0%)
149
Progress: 0/4000 (0.0%)
Progress: 1000/4000 (25.0%)
Progress: 2000/4000 (50.0%)
Progress: 3000/4000 (75.0%)
150
Progress: 0/4000 (0.0%)
Progress: 1000/4000 (25.0%)
Progress: 2000/4000 (50.0%)
Progress: 3000/4000 (75.0%)
151
Progress: 0/4000 (0.0%)
Progress: 1000/4000 (25.0%)
Progress: 2000/4000 (50.0%)
Progress: 3000/4000 (75.0%)
152
Progress: 0/4000 (0.0%)
Progress: 1000/4000 (25.0%)
Progress: 2000/4000 (50.0%)
Progress: 3000/4000 (75.0%)
153
Progress: 0/4000 (0.0%)
oops
727
154
Progress: 0/4000 (0.0%)
Progress: 1000/4000 (25.0%)
Progress: 2000/4000 (50.0%)
Progress: 3000/4000 (75.0%)
oops
3264
155
Progress: 0/4000 (0.0%)
Progress: 1000/4000 (25.0%)
Progress: 2000/4000 (50.0%)
Progress: 3000/4000 (75.0%)
156
Progress: 0/4000 (0.0%)
Progress: 1000/4000 (25.0%)
Progress: 2000/4000 (50.0%)
Progress: 3000/4000 (75.0%)
157
Progress: 0/4000 (0.0%)
Progress: 1000/4000 (25.0%)
Progress: 2000/4000 (50.0%)
Progress: 3000/4000 (75.0%)
158
Progress: 0/4000 (0.0%)
Progress: 1000/4000 (25.0%)
Progress: 2000/4000 (50.0%)
Progress: 3000/4000 (75.0%)
159
Progress: 0/4000 (0.0%)
Progress: 1000/4000 (25.0%)
Progress: 2000/4000 (50.0%)
Progress: 3000/4000 (75.0%)
160
Progress: 0/4000 (0.0%)
Progress: 1000/4000 (25.0%)
Progress: 2000/4000 (50.0%)
Progress: 3000/4000 (75.0%)
161
Progress: 0/4000 (0.0%)
oops
322
162
Progress: 0/4000 (0.0%)
Progress: 1000/4000 (25.0%)
Progress: 2000/4000 (50.0%)
Progress: 3000/4000 (75.0%)
163
Progress: 0/4000 (0.0%)
Progress: 1000/4000 (25.0%)
Progress: 2000/4000 (50.0%)
Progress: 3000/4000 (75.0%)
164
Progress: 0/4000 (0.0%)
Progress: 1000/4000 (25.0%)
Progress: 2000/4000 (50.0%)
Progress: 3000/4000 (75.0%)
165
Progress: 0/4000 (0.0%)
Progress: 1000/4000 (25.0%)
Progress: 2000/4000 (50.0%)
Progress: 3000/4000 (75.0%)
166
Progress: 0/4000 (0.0%)
oops
606
167
Progress: 0/4000 (0.0%)
Progress: 1000/4000 (25.0%)
Progress: 2000/4000 (50.0%)
Progress: 3000/4000 (75.0%)
168
Progress: 0/4000 (0.0%)
Progress: 1000/4000 (25.0%)
Progress: 2000/4000 (50.0%)
Progress: 3000/4000 (75.0%)
169
Progress: 0/4000 (0.0%)
Progress: 1000/4000 (25.0%)
Progress: 2000/4000 (50.0%)
Progress: 3000/4000 (75.0%)
170
Progress: 0/4000 (0.0%)
Progress: 1000/4000 (25.0%)
Progress: 2000/4000 (50.0%)
Progress: 3000/4000 (75.0%)
171
Progress: 0/4000 (0.0%)
Progress: 1000/4000 (25.0%)
Progress: 2000/4000 (50.0%)
Progress: 3000/4000 (75.0%)
172
Progress: 0/4000 (0.0%)
Progress: 1000/4000 (25.0%)
Progress: 2000/4000 (50.0%)
Progress: 3000/4000 (75.0%)
173
Progress: 0/4000 (0.0%)
Progress: 1000/4000 (25.0%)
Progress: 2000/4000 (50.0%)
Progress: 3000/4000 (75.0%)
174
Progress: 0/4000 (0.0%)
Progress: 1000/4000 (25.0%)
Progress: 2000/4000 (50.0%)
Progress: 3000/4000 (75.0%)
175
Progress: 0/4000 (0.0%)
Progress: 1000/4000 (25.0%)
Progress: 2000/4000 (50.0%)
Progress: 3000/4000 (75.0%)
176
Progress: 0/4000 (0.0%)
Progress: 1000/4000 (25.0%)
Progress: 2000/4000 (50.0%)
Progress: 3000/4000 (75.0%)
177
Progress: 0/4000 (0.0%)
Progress: 1000/4000 (25.0%)
Progress: 2000/4000 (50.0%)
Progress: 3000/4000 (75.0%)
178
Progress: 0/4000 (0.0%)
Progress: 1000/4000 (25.0%)
Progress: 2000/4000 (50.0%)
Progress: 3000/4000 (75.0%)
179
Progress: 0/4000 (0.0%)
oops
596
180
Progress: 0/4000 (0.0%)
Progress: 1000/4000 (25.0%)
Progress: 2000/4000 (50.0%)
Progress: 3000/4000 (75.0%)
181
Progress: 0/4000 (0.0%)
Progress: 1000/4000 (25.0%)
Progress: 2000/4000 (50.0%)
Progress: 3000/4000 (75.0%)
oops
3701
182
Progress: 0/4000 (0.0%)
Progress: 1000/4000 (25.0%)
Progress: 2000/4000 (50.0%)
Progress: 3000/4000 (75.0%)
183
Progress: 0/4000 (0.0%)
Progress: 1000/4000 (25.0%)
Progress: 2000/4000 (50.0%)
Progress: 3000/4000 (75.0%)
184
Progress: 0/4000 (0.0%)
Progress: 1000/4000 (25.0%)
Progress: 2000/4000 (50.0%)
Progress: 3000/4000 (75.0%)
185
Progress: 0/4000 (0.0%)
Progress: 1000/4000 (25.0%)
Progress: 2000/4000 (50.0%)
Progress: 3000/4000 (75.0%)
186
Progress: 0/4000 (0.0%)
Progress: 1000/4000 (25.0%)
Progress: 2000/4000 (50.0%)
Progress: 3000/4000 (75.0%)
187
Progress: 0/4000 (0.0%)
Progress: 1000/4000 (25.0%)
Progress: 2000/4000 (50.0%)
Progress: 3000/4000 (75.0%)
188
Progress: 0/4000 (0.0%)
Progress: 1000/4000 (25.0%)
Progress: 2000/4000 (50.0%)
Progress: 3000/4000 (75.0%)
189
Progress: 0/4000 (0.0%)
Progress: 1000/4000 (25.0%)
Progress: 2000/4000 (50.0%)
Progress: 3000/4000 (75.0%)
190
Progress: 0/4000 (0.0%)
Progress: 1000/4000 (25.0%)
Progress: 2000/4000 (50.0%)
Progress: 3000/4000 (75.0%)
191
Progress: 0/4000 (0.0%)
Progress: 1000/4000 (25.0%)
Progress: 2000/4000 (50.0%)
Progress: 3000/4000 (75.0%)
192
Progress: 0/4000 (0.0%)
Progress: 1000/4000 (25.0%)
Progress: 2000/4000 (50.0%)
Progress: 3000/4000 (75.0%)
193
Progress: 0/4000 (0.0%)
Progress: 1000/4000 (25.0%)
Progress: 2000/4000 (50.0%)
Progress: 3000/4000 (75.0%)
194
Progress: 0/4000 (0.0%)
Progress: 1000/4000 (25.0%)
Progress: 2000/4000 (50.0%)
Progress: 3000/4000 (75.0%)
195
Progress: 0/4000 (0.0%)
Progress: 1000/4000 (25.0%)
Progress: 2000/4000 (50.0%)
Progress: 3000/4000 (75.0%)
196
Progress: 0/4000 (0.0%)
Progress: 1000/4000 (25.0%)
Progress: 2000/4000 (50.0%)
Progress: 3000/4000 (75.0%)
197
Progress: 0/4000 (0.0%)
Progress: 1000/4000 (25.0%)
Progress: 2000/4000 (50.0%)
Progress: 3000/4000 (75.0%)
198
Progress: 0/4000 (0.0%)
Progress: 1000/4000 (25.0%)
Progress: 2000/4000 (50.0%)
Progress: 3000/4000 (75.0%)
199
ok