nohup: ignoring input
Progress: 0/4000 (0.0%)
Progress: 1000/4000 (25.0%)
Progress: 2000/4000 (50.0%)
Progress: 3000/4000 (75.0%)
0
Progress: 0/4000 (0.0%)
Progress: 1000/4000 (25.0%)
Progress: 2000/4000 (50.0%)
Progress: 3000/4000 (75.0%)
1
Progress: 0/4000 (0.0%)
Progress: 1000/4000 (25.0%)
Progress: 2000/4000 (50.0%)
Progress: 3000/4000 (75.0%)
2
Progress: 0/4000 (0.0%)
Progress: 1000/4000 (25.0%)
Progress: 2000/4000 (50.0%)
oops
2918
3
Progress: 0/4000 (0.0%)
Progress: 1000/4000 (25.0%)
Progress: 2000/4000 (50.0%)
Progress: 3000/4000 (75.0%)
4
Progress: 0/4000 (0.0%)
Progress: 1000/4000 (25.0%)
Progress: 2000/4000 (50.0%)
Progress: 3000/4000 (75.0%)
5
Progress: 0/4000 (0.0%)
Progress: 1000/4000 (25.0%)
Progress: 2000/4000 (50.0%)
Progress: 3000/4000 (75.0%)
6
Progress: 0/4000 (0.0%)
Progress: 1000/4000 (25.0%)
Progress: 2000/4000 (50.0%)
Progress: 3000/4000 (75.0%)
7
Progress: 0/4000 (0.0%)
Progress: 1000/4000 (25.0%)
Progress: 2000/4000 (50.0%)
Progress: 3000/4000 (75.0%)
8
Progress: 0/4000 (0.0%)
Progress: 1000/4000 (25.0%)
Progress: 2000/4000 (50.0%)
Progress: 3000/4000 (75.0%)
9
Progress: 0/4000 (0.0%)
Progress: 1000/4000 (25.0%)
Progress: 2000/4000 (50.0%)
Progress: 3000/4000 (75.0%)
10
Progress: 0/4000 (0.0%)
Progress: 1000/4000 (25.0%)
Progress: 2000/4000 (50.0%)
Progress: 3000/4000 (75.0%)
11
Progress: 0/4000 (0.0%)
Progress: 1000/4000 (25.0%)
Progress: 2000/4000 (50.0%)
Progress: 3000/4000 (75.0%)
12
Progress: 0/4000 (0.0%)
Progress: 1000/4000 (25.0%)
Progress: 2000/4000 (50.0%)
Progress: 3000/4000 (75.0%)
13
Progress: 0/4000 (0.0%)
Progress: 1000/4000 (25.0%)
Progress: 2000/4000 (50.0%)
Progress: 3000/4000 (75.0%)
14
Progress: 0/4000 (0.0%)
Progress: 1000/4000 (25.0%)
Progress: 2000/4000 (50.0%)
Progress: 3000/4000 (75.0%)
15
Progress: 0/4000 (0.0%)
Progress: 1000/4000 (25.0%)
Progress: 2000/4000 (50.0%)
Progress: 3000/4000 (75.0%)
16
Progress: 0/4000 (0.0%)
Progress: 1000/4000 (25.0%)
Progress: 2000/4000 (50.0%)
Progress: 3000/4000 (75.0%)
17
Progress: 0/4000 (0.0%)
Progress: 1000/4000 (25.0%)
Progress: 2000/4000 (50.0%)
Progress: 3000/4000 (75.0%)
18
Progress: 0/4000 (0.0%)
Progress: 1000/4000 (25.0%)
Progress: 2000/4000 (50.0%)
Progress: 3000/4000 (75.0%)
19
Progress: 0/4000 (0.0%)
oops
798
20
Progress: 0/4000 (0.0%)
Progress: 1000/4000 (25.0%)
Progress: 2000/4000 (50.0%)
Progress: 3000/4000 (75.0%)
21
Progress: 0/4000 (0.0%)
Progress: 1000/4000 (25.0%)
Progress: 2000/4000 (50.0%)
Progress: 3000/4000 (75.0%)
22
Progress: 0/4000 (0.0%)
Progress: 1000/4000 (25.0%)
Progress: 2000/4000 (50.0%)
Progress: 3000/4000 (75.0%)
23
Progress: 0/4000 (0.0%)
Progress: 1000/4000 (25.0%)
Progress: 2000/4000 (50.0%)
Progress: 3000/4000 (75.0%)
24
Progress: 0/4000 (0.0%)
Progress: 1000/4000 (25.0%)
Progress: 2000/4000 (50.0%)
Progress: 3000/4000 (75.0%)
25
Progress: 0/4000 (0.0%)
Progress: 1000/4000 (25.0%)
Progress: 2000/4000 (50.0%)
Progress: 3000/4000 (75.0%)
26
Progress: 0/4000 (0.0%)
Progress: 1000/4000 (25.0%)
Progress: 2000/4000 (50.0%)
Progress: 3000/4000 (75.0%)
27
Progress: 0/4000 (0.0%)
Progress: 1000/4000 (25.0%)
Progress: 2000/4000 (50.0%)
Progress: 3000/4000 (75.0%)
28
Progress: 0/4000 (0.0%)
Progress: 1000/4000 (25.0%)
Progress: 2000/4000 (50.0%)
Progress: 3000/4000 (75.0%)
29
Progress: 0/4000 (0.0%)
Progress: 1000/4000 (25.0%)
Progress: 2000/4000 (50.0%)
Progress: 3000/4000 (75.0%)
30
Progress: 0/4000 (0.0%)
Progress: 1000/4000 (25.0%)
Progress: 2000/4000 (50.0%)
Progress: 3000/4000 (75.0%)
31
Progress: 0/4000 (0.0%)
Progress: 1000/4000 (25.0%)
Progress: 2000/4000 (50.0%)
Progress: 3000/4000 (75.0%)
32
Progress: 0/4000 (0.0%)
Progress: 1000/4000 (25.0%)
Progress: 2000/4000 (50.0%)
Progress: 3000/4000 (75.0%)
33
Progress: 0/4000 (0.0%)
Progress: 1000/4000 (25.0%)
Progress: 2000/4000 (50.0%)
Progress: 3000/4000 (75.0%)
34
Progress: 0/4000 (0.0%)
Progress: 1000/4000 (25.0%)
Progress: 2000/4000 (50.0%)
Progress: 3000/4000 (75.0%)
35
Progress: 0/4000 (0.0%)
Progress: 1000/4000 (25.0%)
Progress: 2000/4000 (50.0%)
Progress: 3000/4000 (75.0%)
36
Progress: 0/4000 (0.0%)
Progress: 1000/4000 (25.0%)
Progress: 2000/4000 (50.0%)
Progress: 3000/4000 (75.0%)
37
Progress: 0/4000 (0.0%)
Progress: 1000/4000 (25.0%)
Progress: 2000/4000 (50.0%)
Progress: 3000/4000 (75.0%)
38
Progress: 0/4000 (0.0%)
Progress: 1000/4000 (25.0%)
Progress: 2000/4000 (50.0%)
Progress: 3000/4000 (75.0%)
39
Progress: 0/4000 (0.0%)
Progress: 1000/4000 (25.0%)
Progress: 2000/4000 (50.0%)
Progress: 3000/4000 (75.0%)
40
Progress: 0/4000 (0.0%)
Progress: 1000/4000 (25.0%)
Progress: 2000/4000 (50.0%)
Progress: 3000/4000 (75.0%)
41
Progress: 0/4000 (0.0%)
Progress: 1000/4000 (25.0%)
Progress: 2000/4000 (50.0%)
Progress: 3000/4000 (75.0%)
42
Progress: 0/4000 (0.0%)
Progress: 1000/4000 (25.0%)
Progress: 2000/4000 (50.0%)
Progress: 3000/4000 (75.0%)
43
Progress: 0/4000 (0.0%)
Progress: 1000/4000 (25.0%)
Progress: 2000/4000 (50.0%)
Progress: 3000/4000 (75.0%)
44
Progress: 0/4000 (0.0%)
Progress: 1000/4000 (25.0%)
Progress: 2000/4000 (50.0%)
Progress: 3000/4000 (75.0%)
45
Progress: 0/4000 (0.0%)
Progress: 1000/4000 (25.0%)
Progress: 2000/4000 (50.0%)
Progress: 3000/4000 (75.0%)
46
Progress: 0/4000 (0.0%)
Progress: 1000/4000 (25.0%)
Progress: 2000/4000 (50.0%)
Progress: 3000/4000 (75.0%)
47
Progress: 0/4000 (0.0%)
Progress: 1000/4000 (25.0%)
Progress: 2000/4000 (50.0%)
Progress: 3000/4000 (75.0%)
48
Progress: 0/4000 (0.0%)
Progress: 1000/4000 (25.0%)
Progress: 2000/4000 (50.0%)
Progress: 3000/4000 (75.0%)
49
Progress: 0/4000 (0.0%)
Progress: 1000/4000 (25.0%)
Progress: 2000/4000 (50.0%)
Progress: 3000/4000 (75.0%)
50
Progress: 0/4000 (0.0%)
Progress: 1000/4000 (25.0%)
Progress: 2000/4000 (50.0%)
Progress: 3000/4000 (75.0%)
51
Progress: 0/4000 (0.0%)
Progress: 1000/4000 (25.0%)
Progress: 2000/4000 (50.0%)
Progress: 3000/4000 (75.0%)
52
Progress: 0/4000 (0.0%)
Progress: 1000/4000 (25.0%)
Progress: 2000/4000 (50.0%)
Progress: 3000/4000 (75.0%)
53
Progress: 0/4000 (0.0%)
Progress: 1000/4000 (25.0%)
Progress: 2000/4000 (50.0%)
Progress: 3000/4000 (75.0%)
54
Progress: 0/4000 (0.0%)
oops
326
55
Progress: 0/4000 (0.0%)
Progress: 1000/4000 (25.0%)
Progress: 2000/4000 (50.0%)
Progress: 3000/4000 (75.0%)
56
Progress: 0/4000 (0.0%)
Progress: 1000/4000 (25.0%)
Progress: 2000/4000 (50.0%)
Progress: 3000/4000 (75.0%)
oops
3382
57
Progress: 0/4000 (0.0%)
Progress: 1000/4000 (25.0%)
Progress: 2000/4000 (50.0%)
Progress: 3000/4000 (75.0%)
58
Progress: 0/4000 (0.0%)
Progress: 1000/4000 (25.0%)
Progress: 2000/4000 (50.0%)
Progress: 3000/4000 (75.0%)
59
Progress: 0/4000 (0.0%)
Progress: 1000/4000 (25.0%)
Progress: 2000/4000 (50.0%)
Progress: 3000/4000 (75.0%)
60
Progress: 0/4000 (0.0%)
Progress: 1000/4000 (25.0%)
Progress: 2000/4000 (50.0%)
Progress: 3000/4000 (75.0%)
61
Progress: 0/4000 (0.0%)
Progress: 1000/4000 (25.0%)
Progress: 2000/4000 (50.0%)
Progress: 3000/4000 (75.0%)
62
Progress: 0/4000 (0.0%)
Progress: 1000/4000 (25.0%)
oops
1072
63
Progress: 0/4000 (0.0%)
Progress: 1000/4000 (25.0%)
Progress: 2000/4000 (50.0%)
oops
2419
64
Progress: 0/4000 (0.0%)
Progress: 1000/4000 (25.0%)
Progress: 2000/4000 (50.0%)
Progress: 3000/4000 (75.0%)
65
Progress: 0/4000 (0.0%)
Progress: 1000/4000 (25.0%)
Progress: 2000/4000 (50.0%)
Progress: 3000/4000 (75.0%)
66
Progress: 0/4000 (0.0%)
Progress: 1000/4000 (25.0%)
Progress: 2000/4000 (50.0%)
Progress: 3000/4000 (75.0%)
67
Progress: 0/4000 (0.0%)
Progress: 1000/4000 (25.0%)
Progress: 2000/4000 (50.0%)
Progress: 3000/4000 (75.0%)
68
Progress: 0/4000 (0.0%)
Progress: 1000/4000 (25.0%)
Progress: 2000/4000 (50.0%)
Progress: 3000/4000 (75.0%)
69
Progress: 0/4000 (0.0%)
Progress: 1000/4000 (25.0%)
Progress: 2000/4000 (50.0%)
Progress: 3000/4000 (75.0%)
70
Progress: 0/4000 (0.0%)
Progress: 1000/4000 (25.0%)
Progress: 2000/4000 (50.0%)
Progress: 3000/4000 (75.0%)
71
Progress: 0/4000 (0.0%)
Progress: 1000/4000 (25.0%)
Progress: 2000/4000 (50.0%)
Progress: 3000/4000 (75.0%)
72
Progress: 0/4000 (0.0%)
Progress: 1000/4000 (25.0%)
Progress: 2000/4000 (50.0%)
Progress: 3000/4000 (75.0%)
73
Progress: 0/4000 (0.0%)
Progress: 1000/4000 (25.0%)
Progress: 2000/4000 (50.0%)
Progress: 3000/4000 (75.0%)
74
Progress: 0/4000 (0.0%)
Progress: 1000/4000 (25.0%)
Progress: 2000/4000 (50.0%)
Progress: 3000/4000 (75.0%)
75
Progress: 0/4000 (0.0%)
Progress: 1000/4000 (25.0%)
Progress: 2000/4000 (50.0%)
Progress: 3000/4000 (75.0%)
76
Progress: 0/4000 (0.0%)
Progress: 1000/4000 (25.0%)
Progress: 2000/4000 (50.0%)
Progress: 3000/4000 (75.0%)
77
Progress: 0/4000 (0.0%)
Progress: 1000/4000 (25.0%)
Progress: 2000/4000 (50.0%)
Progress: 3000/4000 (75.0%)
78
Progress: 0/4000 (0.0%)
Progress: 1000/4000 (25.0%)
Progress: 2000/4000 (50.0%)
Progress: 3000/4000 (75.0%)
79
Progress: 0/4000 (0.0%)
Progress: 1000/4000 (25.0%)
Progress: 2000/4000 (50.0%)
Progress: 3000/4000 (75.0%)
80
Progress: 0/4000 (0.0%)
Progress: 1000/4000 (25.0%)
Progress: 2000/4000 (50.0%)
Progress: 3000/4000 (75.0%)
81
Progress: 0/4000 (0.0%)
Progress: 1000/4000 (25.0%)
Progress: 2000/4000 (50.0%)
Progress: 3000/4000 (75.0%)
82
Progress: 0/4000 (0.0%)
Progress: 1000/4000 (25.0%)
Progress: 2000/4000 (50.0%)
Progress: 3000/4000 (75.0%)
83
Progress: 0/4000 (0.0%)
Progress: 1000/4000 (25.0%)
Progress: 2000/4000 (50.0%)
Progress: 3000/4000 (75.0%)
84
Progress: 0/4000 (0.0%)
Progress: 1000/4000 (25.0%)
Progress: 2000/4000 (50.0%)
Progress: 3000/4000 (75.0%)
85
Progress: 0/4000 (0.0%)
Progress: 1000/4000 (25.0%)
Progress: 2000/4000 (50.0%)
Progress: 3000/4000 (75.0%)
86
Progress: 0/4000 (0.0%)
Progress: 1000/4000 (25.0%)
Progress: 2000/4000 (50.0%)
Progress: 3000/4000 (75.0%)
87
Progress: 0/4000 (0.0%)
Progress: 1000/4000 (25.0%)
Progress: 2000/4000 (50.0%)
Progress: 3000/4000 (75.0%)
88
Progress: 0/4000 (0.0%)
Progress: 1000/4000 (25.0%)
Progress: 2000/4000 (50.0%)
Progress: 3000/4000 (75.0%)
89
Progress: 0/4000 (0.0%)
Progress: 1000/4000 (25.0%)
Progress: 2000/4000 (50.0%)
Progress: 3000/4000 (75.0%)
90
Progress: 0/4000 (0.0%)
Progress: 1000/4000 (25.0%)
Progress: 2000/4000 (50.0%)
Progress: 3000/4000 (75.0%)
91
Progress: 0/4000 (0.0%)
Progress: 1000/4000 (25.0%)
Progress: 2000/4000 (50.0%)
Progress: 3000/4000 (75.0%)
92
Progress: 0/4000 (0.0%)
Progress: 1000/4000 (25.0%)
Progress: 2000/4000 (50.0%)
Progress: 3000/4000 (75.0%)
93
Progress: 0/4000 (0.0%)
Progress: 1000/4000 (25.0%)
Progress: 2000/4000 (50.0%)
Progress: 3000/4000 (75.0%)
94
Progress: 0/4000 (0.0%)
Progress: 1000/4000 (25.0%)
oops
1771
95
Progress: 0/4000 (0.0%)
Progress: 1000/4000 (25.0%)
Progress: 2000/4000 (50.0%)
Progress: 3000/4000 (75.0%)
96
Progress: 0/4000 (0.0%)
Progress: 1000/4000 (25.0%)
Progress: 2000/4000 (50.0%)
Progress: 3000/4000 (75.0%)
97
Progress: 0/4000 (0.0%)
Progress: 1000/4000 (25.0%)
Progress: 2000/4000 (50.0%)
Progress: 3000/4000 (75.0%)
98
Progress: 0/4000 (0.0%)
Progress: 1000/4000 (25.0%)
Progress: 2000/4000 (50.0%)
Progress: 3000/4000 (75.0%)
99
ok