nohup: ignoring input
Progress: 0/4000 (0.0%)
Progress: 1000/4000 (25.0%)
Progress: 2000/4000 (50.0%)
Progress: 3000/4000 (75.0%)
0
Progress: 0/4000 (0.0%)
Progress: 1000/4000 (25.0%)
Progress: 2000/4000 (50.0%)
Progress: 3000/4000 (75.0%)
1
Progress: 0/4000 (0.0%)
Progress: 1000/4000 (25.0%)
Progress: 2000/4000 (50.0%)
Progress: 3000/4000 (75.0%)
2
Progress: 0/4000 (0.0%)
Progress: 1000/4000 (25.0%)
Progress: 2000/4000 (50.0%)
Progress: 3000/4000 (75.0%)
3
Progress: 0/4000 (0.0%)
Progress: 1000/4000 (25.0%)
Progress: 2000/4000 (50.0%)
Progress: 3000/4000 (75.0%)
4
Progress: 0/4000 (0.0%)
Progress: 1000/4000 (25.0%)
Progress: 2000/4000 (50.0%)
Progress: 3000/4000 (75.0%)
5
Progress: 0/4000 (0.0%)
Progress: 1000/4000 (25.0%)
Progress: 2000/4000 (50.0%)
Progress: 3000/4000 (75.0%)
6
Progress: 0/4000 (0.0%)
Progress: 1000/4000 (25.0%)
Progress: 2000/4000 (50.0%)
Progress: 3000/4000 (75.0%)
7
Progress: 0/4000 (0.0%)
Progress: 1000/4000 (25.0%)
Progress: 2000/4000 (50.0%)
Progress: 3000/4000 (75.0%)
8
Progress: 0/4000 (0.0%)
Progress: 1000/4000 (25.0%)
Progress: 2000/4000 (50.0%)
Progress: 3000/4000 (75.0%)
9
Progress: 0/4000 (0.0%)
Progress: 1000/4000 (25.0%)
Progress: 2000/4000 (50.0%)
Progress: 3000/4000 (75.0%)
oops
3342
10
Progress: 0/4000 (0.0%)
Progress: 1000/4000 (25.0%)
Progress: 2000/4000 (50.0%)
Progress: 3000/4000 (75.0%)
11
Progress: 0/4000 (0.0%)
Progress: 1000/4000 (25.0%)
Progress: 2000/4000 (50.0%)
Progress: 3000/4000 (75.0%)
12
Progress: 0/4000 (0.0%)
Progress: 1000/4000 (25.0%)
Progress: 2000/4000 (50.0%)
Progress: 3000/4000 (75.0%)
13
Progress: 0/4000 (0.0%)
Progress: 1000/4000 (25.0%)
Progress: 2000/4000 (50.0%)
Progress: 3000/4000 (75.0%)
14
Progress: 0/4000 (0.0%)
Progress: 1000/4000 (25.0%)
Progress: 2000/4000 (50.0%)
Progress: 3000/4000 (75.0%)
15
Progress: 0/4000 (0.0%)
Progress: 1000/4000 (25.0%)
Progress: 2000/4000 (50.0%)
Progress: 3000/4000 (75.0%)
16
Progress: 0/4000 (0.0%)
Progress: 1000/4000 (25.0%)
Progress: 2000/4000 (50.0%)
Progress: 3000/4000 (75.0%)
17
Progress: 0/4000 (0.0%)
Progress: 1000/4000 (25.0%)
Progress: 2000/4000 (50.0%)
Progress: 3000/4000 (75.0%)
18
Progress: 0/4000 (0.0%)
Progress: 1000/4000 (25.0%)
Progress: 2000/4000 (50.0%)
Progress: 3000/4000 (75.0%)
19
Progress: 0/4000 (0.0%)
Progress: 1000/4000 (25.0%)
Progress: 2000/4000 (50.0%)
Progress: 3000/4000 (75.0%)
20
Progress: 0/4000 (0.0%)
Progress: 1000/4000 (25.0%)
Progress: 2000/4000 (50.0%)
Progress: 3000/4000 (75.0%)
21
Progress: 0/4000 (0.0%)
Progress: 1000/4000 (25.0%)
Progress: 2000/4000 (50.0%)
Progress: 3000/4000 (75.0%)
22
Progress: 0/4000 (0.0%)
Progress: 1000/4000 (25.0%)
Progress: 2000/4000 (50.0%)
Progress: 3000/4000 (75.0%)
23
Progress: 0/4000 (0.0%)
Progress: 1000/4000 (25.0%)
Progress: 2000/4000 (50.0%)
Progress: 3000/4000 (75.0%)
24
Progress: 0/4000 (0.0%)
Progress: 1000/4000 (25.0%)
Progress: 2000/4000 (50.0%)
Progress: 3000/4000 (75.0%)
25
Progress: 0/4000 (0.0%)
Progress: 1000/4000 (25.0%)
Progress: 2000/4000 (50.0%)
Progress: 3000/4000 (75.0%)
26
Progress: 0/4000 (0.0%)
Progress: 1000/4000 (25.0%)
Progress: 2000/4000 (50.0%)
Progress: 3000/4000 (75.0%)
27
Progress: 0/4000 (0.0%)
Progress: 1000/4000 (25.0%)
Progress: 2000/4000 (50.0%)
Progress: 3000/4000 (75.0%)
28
Progress: 0/4000 (0.0%)
Progress: 1000/4000 (25.0%)
Progress: 2000/4000 (50.0%)
Progress: 3000/4000 (75.0%)
29
Progress: 0/4000 (0.0%)
Progress: 1000/4000 (25.0%)
Progress: 2000/4000 (50.0%)
Progress: 3000/4000 (75.0%)
30
Progress: 0/4000 (0.0%)
Progress: 1000/4000 (25.0%)
Progress: 2000/4000 (50.0%)
Progress: 3000/4000 (75.0%)
31
Progress: 0/4000 (0.0%)
Progress: 1000/4000 (25.0%)
Progress: 2000/4000 (50.0%)
Progress: 3000/4000 (75.0%)
32
Progress: 0/4000 (0.0%)
Progress: 1000/4000 (25.0%)
Progress: 2000/4000 (50.0%)
Progress: 3000/4000 (75.0%)
33
Progress: 0/4000 (0.0%)
Progress: 1000/4000 (25.0%)
Progress: 2000/4000 (50.0%)
Progress: 3000/4000 (75.0%)
34
Progress: 0/4000 (0.0%)
Progress: 1000/4000 (25.0%)
Progress: 2000/4000 (50.0%)
Progress: 3000/4000 (75.0%)
35
Progress: 0/4000 (0.0%)
Progress: 1000/4000 (25.0%)
Progress: 2000/4000 (50.0%)
Progress: 3000/4000 (75.0%)
36
Progress: 0/4000 (0.0%)
Progress: 1000/4000 (25.0%)
Progress: 2000/4000 (50.0%)
Progress: 3000/4000 (75.0%)
37
Progress: 0/4000 (0.0%)
Progress: 1000/4000 (25.0%)
Progress: 2000/4000 (50.0%)
Progress: 3000/4000 (75.0%)
38
Progress: 0/4000 (0.0%)
Progress: 1000/4000 (25.0%)
Progress: 2000/4000 (50.0%)
Progress: 3000/4000 (75.0%)
39
Progress: 0/4000 (0.0%)
Progress: 1000/4000 (25.0%)
Progress: 2000/4000 (50.0%)
Progress: 3000/4000 (75.0%)
40
Progress: 0/4000 (0.0%)
Progress: 1000/4000 (25.0%)
Progress: 2000/4000 (50.0%)
Progress: 3000/4000 (75.0%)
41
Progress: 0/4000 (0.0%)
Progress: 1000/4000 (25.0%)
Progress: 2000/4000 (50.0%)
Progress: 3000/4000 (75.0%)
42
Progress: 0/4000 (0.0%)
Progress: 1000/4000 (25.0%)
Progress: 2000/4000 (50.0%)
Progress: 3000/4000 (75.0%)
43
Progress: 0/4000 (0.0%)
Progress: 1000/4000 (25.0%)
Progress: 2000/4000 (50.0%)
Progress: 3000/4000 (75.0%)
44
Progress: 0/4000 (0.0%)
Progress: 1000/4000 (25.0%)
Progress: 2000/4000 (50.0%)
Progress: 3000/4000 (75.0%)
45
Progress: 0/4000 (0.0%)
Progress: 1000/4000 (25.0%)
Progress: 2000/4000 (50.0%)
Progress: 3000/4000 (75.0%)
46
Progress: 0/4000 (0.0%)
Progress: 1000/4000 (25.0%)
Progress: 2000/4000 (50.0%)
Progress: 3000/4000 (75.0%)
47
Progress: 0/4000 (0.0%)
Progress: 1000/4000 (25.0%)
Progress: 2000/4000 (50.0%)
Progress: 3000/4000 (75.0%)
48
Progress: 0/4000 (0.0%)
Progress: 1000/4000 (25.0%)
Progress: 2000/4000 (50.0%)
Progress: 3000/4000 (75.0%)
49
Progress: 0/4000 (0.0%)
Progress: 1000/4000 (25.0%)
Progress: 2000/4000 (50.0%)
Progress: 3000/4000 (75.0%)
50
Progress: 0/4000 (0.0%)
Progress: 1000/4000 (25.0%)
Progress: 2000/4000 (50.0%)
Progress: 3000/4000 (75.0%)
51
Progress: 0/4000 (0.0%)
Progress: 1000/4000 (25.0%)
Progress: 2000/4000 (50.0%)
Progress: 3000/4000 (75.0%)
52
Progress: 0/4000 (0.0%)
Progress: 1000/4000 (25.0%)
Progress: 2000/4000 (50.0%)
Progress: 3000/4000 (75.0%)
53
Progress: 0/4000 (0.0%)
Progress: 1000/4000 (25.0%)
Progress: 2000/4000 (50.0%)
Progress: 3000/4000 (75.0%)
54
Progress: 0/4000 (0.0%)
Progress: 1000/4000 (25.0%)
Progress: 2000/4000 (50.0%)
Progress: 3000/4000 (75.0%)
55
Progress: 0/4000 (0.0%)
Progress: 1000/4000 (25.0%)
Progress: 2000/4000 (50.0%)
oops
2308
56
Progress: 0/4000 (0.0%)
Progress: 1000/4000 (25.0%)
Progress: 2000/4000 (50.0%)
Progress: 3000/4000 (75.0%)
57
Progress: 0/4000 (0.0%)
Progress: 1000/4000 (25.0%)
Progress: 2000/4000 (50.0%)
Progress: 3000/4000 (75.0%)
58
Progress: 0/4000 (0.0%)
Progress: 1000/4000 (25.0%)
Progress: 2000/4000 (50.0%)
Progress: 3000/4000 (75.0%)
59
Progress: 0/4000 (0.0%)
Progress: 1000/4000 (25.0%)
Progress: 2000/4000 (50.0%)
Progress: 3000/4000 (75.0%)
60
Progress: 0/4000 (0.0%)
Progress: 1000/4000 (25.0%)
Progress: 2000/4000 (50.0%)
Progress: 3000/4000 (75.0%)
61
Progress: 0/4000 (0.0%)
Progress: 1000/4000 (25.0%)
Progress: 2000/4000 (50.0%)
Progress: 3000/4000 (75.0%)
oops
3606
62
Progress: 0/4000 (0.0%)
Progress: 1000/4000 (25.0%)
Progress: 2000/4000 (50.0%)
Progress: 3000/4000 (75.0%)
63
Progress: 0/4000 (0.0%)
Progress: 1000/4000 (25.0%)
Progress: 2000/4000 (50.0%)
Progress: 3000/4000 (75.0%)
64
Progress: 0/4000 (0.0%)
Progress: 1000/4000 (25.0%)
Progress: 2000/4000 (50.0%)
Progress: 3000/4000 (75.0%)
65
Progress: 0/4000 (0.0%)
Progress: 1000/4000 (25.0%)
Progress: 2000/4000 (50.0%)
Progress: 3000/4000 (75.0%)
66
Progress: 0/4000 (0.0%)
Progress: 1000/4000 (25.0%)
Progress: 2000/4000 (50.0%)
Progress: 3000/4000 (75.0%)
67
Progress: 0/4000 (0.0%)
Progress: 1000/4000 (25.0%)
Progress: 2000/4000 (50.0%)
Progress: 3000/4000 (75.0%)
68
Progress: 0/4000 (0.0%)
Progress: 1000/4000 (25.0%)
Progress: 2000/4000 (50.0%)
Progress: 3000/4000 (75.0%)
69
Progress: 0/4000 (0.0%)
Progress: 1000/4000 (25.0%)
Progress: 2000/4000 (50.0%)
Progress: 3000/4000 (75.0%)
70
Progress: 0/4000 (0.0%)
Progress: 1000/4000 (25.0%)
Progress: 2000/4000 (50.0%)
Progress: 3000/4000 (75.0%)
71
Progress: 0/4000 (0.0%)
Progress: 1000/4000 (25.0%)
Progress: 2000/4000 (50.0%)
Progress: 3000/4000 (75.0%)
72
Progress: 0/4000 (0.0%)
Progress: 1000/4000 (25.0%)
Progress: 2000/4000 (50.0%)
Progress: 3000/4000 (75.0%)
73
Progress: 0/4000 (0.0%)
Progress: 1000/4000 (25.0%)
Progress: 2000/4000 (50.0%)
Progress: 3000/4000 (75.0%)
74
Progress: 0/4000 (0.0%)
Progress: 1000/4000 (25.0%)
Progress: 2000/4000 (50.0%)
Progress: 3000/4000 (75.0%)
75
Progress: 0/4000 (0.0%)
Progress: 1000/4000 (25.0%)
Progress: 2000/4000 (50.0%)
Progress: 3000/4000 (75.0%)
76
Progress: 0/4000 (0.0%)
Progress: 1000/4000 (25.0%)
Progress: 2000/4000 (50.0%)
Progress: 3000/4000 (75.0%)
77
Progress: 0/4000 (0.0%)
Progress: 1000/4000 (25.0%)
Progress: 2000/4000 (50.0%)
Progress: 3000/4000 (75.0%)
78
Progress: 0/4000 (0.0%)
Progress: 1000/4000 (25.0%)
Progress: 2000/4000 (50.0%)
Progress: 3000/4000 (75.0%)
79
Progress: 0/4000 (0.0%)
Progress: 1000/4000 (25.0%)
Progress: 2000/4000 (50.0%)
Progress: 3000/4000 (75.0%)
80
Progress: 0/4000 (0.0%)
Progress: 1000/4000 (25.0%)
Progress: 2000/4000 (50.0%)
Progress: 3000/4000 (75.0%)
81
Progress: 0/4000 (0.0%)
Progress: 1000/4000 (25.0%)
Progress: 2000/4000 (50.0%)
Progress: 3000/4000 (75.0%)
82
Progress: 0/4000 (0.0%)
Progress: 1000/4000 (25.0%)
Progress: 2000/4000 (50.0%)
Progress: 3000/4000 (75.0%)
83
Progress: 0/4000 (0.0%)
Progress: 1000/4000 (25.0%)
Progress: 2000/4000 (50.0%)
Progress: 3000/4000 (75.0%)
84
Progress: 0/4000 (0.0%)
Progress: 1000/4000 (25.0%)
Progress: 2000/4000 (50.0%)
Progress: 3000/4000 (75.0%)
85
Progress: 0/4000 (0.0%)
Progress: 1000/4000 (25.0%)
Progress: 2000/4000 (50.0%)
Progress: 3000/4000 (75.0%)
86
Progress: 0/4000 (0.0%)
Progress: 1000/4000 (25.0%)
Progress: 2000/4000 (50.0%)
Progress: 3000/4000 (75.0%)
87
Progress: 0/4000 (0.0%)
Progress: 1000/4000 (25.0%)
Progress: 2000/4000 (50.0%)
Progress: 3000/4000 (75.0%)
88
Progress: 0/4000 (0.0%)
Progress: 1000/4000 (25.0%)
Progress: 2000/4000 (50.0%)
Progress: 3000/4000 (75.0%)
89
Progress: 0/4000 (0.0%)
Progress: 1000/4000 (25.0%)
Progress: 2000/4000 (50.0%)
Progress: 3000/4000 (75.0%)
90
Progress: 0/4000 (0.0%)
Progress: 1000/4000 (25.0%)
Progress: 2000/4000 (50.0%)
Progress: 3000/4000 (75.0%)
91
Progress: 0/4000 (0.0%)
Progress: 1000/4000 (25.0%)
Progress: 2000/4000 (50.0%)
Progress: 3000/4000 (75.0%)
92
Progress: 0/4000 (0.0%)
Progress: 1000/4000 (25.0%)
Progress: 2000/4000 (50.0%)
Progress: 3000/4000 (75.0%)
93
Progress: 0/4000 (0.0%)
Progress: 1000/4000 (25.0%)
Progress: 2000/4000 (50.0%)
Progress: 3000/4000 (75.0%)
94
Progress: 0/4000 (0.0%)
Progress: 1000/4000 (25.0%)
oops
1628
95
Progress: 0/4000 (0.0%)
Progress: 1000/4000 (25.0%)
Progress: 2000/4000 (50.0%)
Progress: 3000/4000 (75.0%)
96
Progress: 0/4000 (0.0%)
Progress: 1000/4000 (25.0%)
Progress: 2000/4000 (50.0%)
Progress: 3000/4000 (75.0%)
97
Progress: 0/4000 (0.0%)
Progress: 1000/4000 (25.0%)
Progress: 2000/4000 (50.0%)
Progress: 3000/4000 (75.0%)
98
Progress: 0/4000 (0.0%)
Progress: 1000/4000 (25.0%)
Progress: 2000/4000 (50.0%)
Progress: 3000/4000 (75.0%)
99
Progress: 0/4000 (0.0%)
Progress: 1000/4000 (25.0%)
Progress: 2000/4000 (50.0%)
Progress: 3000/4000 (75.0%)
100
Progress: 0/4000 (0.0%)
Progress: 1000/4000 (25.0%)
Progress: 2000/4000 (50.0%)
Progress: 3000/4000 (75.0%)
101
Progress: 0/4000 (0.0%)
Progress: 1000/4000 (25.0%)
Progress: 2000/4000 (50.0%)
Progress: 3000/4000 (75.0%)
102
Progress: 0/4000 (0.0%)
Progress: 1000/4000 (25.0%)
Progress: 2000/4000 (50.0%)
Progress: 3000/4000 (75.0%)
103
Progress: 0/4000 (0.0%)
Progress: 1000/4000 (25.0%)
Progress: 2000/4000 (50.0%)
Progress: 3000/4000 (75.0%)
104
Progress: 0/4000 (0.0%)
Progress: 1000/4000 (25.0%)
Progress: 2000/4000 (50.0%)
Progress: 3000/4000 (75.0%)
105
Progress: 0/4000 (0.0%)
Progress: 1000/4000 (25.0%)
Progress: 2000/4000 (50.0%)
Progress: 3000/4000 (75.0%)
oops
3266
106
Progress: 0/4000 (0.0%)
Progress: 1000/4000 (25.0%)
Progress: 2000/4000 (50.0%)
Progress: 3000/4000 (75.0%)
107
Progress: 0/4000 (0.0%)
Progress: 1000/4000 (25.0%)
Progress: 2000/4000 (50.0%)
Progress: 3000/4000 (75.0%)
108
Progress: 0/4000 (0.0%)
Progress: 1000/4000 (25.0%)
Progress: 2000/4000 (50.0%)
Progress: 3000/4000 (75.0%)
109
Progress: 0/4000 (0.0%)
Progress: 1000/4000 (25.0%)
Progress: 2000/4000 (50.0%)
Progress: 3000/4000 (75.0%)
110
Progress: 0/4000 (0.0%)
Progress: 1000/4000 (25.0%)
Progress: 2000/4000 (50.0%)
Progress: 3000/4000 (75.0%)
111
Progress: 0/4000 (0.0%)
Progress: 1000/4000 (25.0%)
Progress: 2000/4000 (50.0%)
Progress: 3000/4000 (75.0%)
112
Progress: 0/4000 (0.0%)
oops
732
113
Progress: 0/4000 (0.0%)
Progress: 1000/4000 (25.0%)
Progress: 2000/4000 (50.0%)
Progress: 3000/4000 (75.0%)
114
Progress: 0/4000 (0.0%)
Progress: 1000/4000 (25.0%)
Progress: 2000/4000 (50.0%)
Progress: 3000/4000 (75.0%)
115
Progress: 0/4000 (0.0%)
Progress: 1000/4000 (25.0%)
Progress: 2000/4000 (50.0%)
Progress: 3000/4000 (75.0%)
116
Progress: 0/4000 (0.0%)
Progress: 1000/4000 (25.0%)
Progress: 2000/4000 (50.0%)
Progress: 3000/4000 (75.0%)
117
Progress: 0/4000 (0.0%)
Progress: 1000/4000 (25.0%)
Progress: 2000/4000 (50.0%)
Progress: 3000/4000 (75.0%)
118
Progress: 0/4000 (0.0%)
Progress: 1000/4000 (25.0%)
Progress: 2000/4000 (50.0%)
Progress: 3000/4000 (75.0%)
119
Progress: 0/4000 (0.0%)
Progress: 1000/4000 (25.0%)
Progress: 2000/4000 (50.0%)
Progress: 3000/4000 (75.0%)
120
Progress: 0/4000 (0.0%)
Progress: 1000/4000 (25.0%)
Progress: 2000/4000 (50.0%)
Progress: 3000/4000 (75.0%)
121
Progress: 0/4000 (0.0%)
Progress: 1000/4000 (25.0%)
Progress: 2000/4000 (50.0%)
Progress: 3000/4000 (75.0%)
122
Progress: 0/4000 (0.0%)
Progress: 1000/4000 (25.0%)
Progress: 2000/4000 (50.0%)
Progress: 3000/4000 (75.0%)
123
Progress: 0/4000 (0.0%)
Progress: 1000/4000 (25.0%)
Progress: 2000/4000 (50.0%)
Progress: 3000/4000 (75.0%)
124
Progress: 0/4000 (0.0%)
Progress: 1000/4000 (25.0%)
Progress: 2000/4000 (50.0%)
Progress: 3000/4000 (75.0%)
125
Progress: 0/4000 (0.0%)
oops
561
126
Progress: 0/4000 (0.0%)
Progress: 1000/4000 (25.0%)
Progress: 2000/4000 (50.0%)
Progress: 3000/4000 (75.0%)
127
Progress: 0/4000 (0.0%)
Progress: 1000/4000 (25.0%)
Progress: 2000/4000 (50.0%)
Progress: 3000/4000 (75.0%)
128
Progress: 0/4000 (0.0%)
Progress: 1000/4000 (25.0%)
Progress: 2000/4000 (50.0%)
Progress: 3000/4000 (75.0%)
129
Progress: 0/4000 (0.0%)
Progress: 1000/4000 (25.0%)
oops
1296
130
Progress: 0/4000 (0.0%)
Progress: 1000/4000 (25.0%)
Progress: 2000/4000 (50.0%)
Progress: 3000/4000 (75.0%)
131
Progress: 0/4000 (0.0%)
Progress: 1000/4000 (25.0%)
Progress: 2000/4000 (50.0%)
Progress: 3000/4000 (75.0%)
132
Progress: 0/4000 (0.0%)
Progress: 1000/4000 (25.0%)
Progress: 2000/4000 (50.0%)
Progress: 3000/4000 (75.0%)
133
Progress: 0/4000 (0.0%)
Progress: 1000/4000 (25.0%)
Progress: 2000/4000 (50.0%)
Progress: 3000/4000 (75.0%)
134
Progress: 0/4000 (0.0%)
Progress: 1000/4000 (25.0%)
Progress: 2000/4000 (50.0%)
Progress: 3000/4000 (75.0%)
135
Progress: 0/4000 (0.0%)
Progress: 1000/4000 (25.0%)
Progress: 2000/4000 (50.0%)
Progress: 3000/4000 (75.0%)
136
Progress: 0/4000 (0.0%)
Progress: 1000/4000 (25.0%)
Progress: 2000/4000 (50.0%)
Progress: 3000/4000 (75.0%)
137
Progress: 0/4000 (0.0%)
Progress: 1000/4000 (25.0%)
Progress: 2000/4000 (50.0%)
Progress: 3000/4000 (75.0%)
138
Progress: 0/4000 (0.0%)
Progress: 1000/4000 (25.0%)
Progress: 2000/4000 (50.0%)
Progress: 3000/4000 (75.0%)
139
Progress: 0/4000 (0.0%)
Progress: 1000/4000 (25.0%)
Progress: 2000/4000 (50.0%)
Progress: 3000/4000 (75.0%)
oops
3383
140
Progress: 0/4000 (0.0%)
Progress: 1000/4000 (25.0%)
Progress: 2000/4000 (50.0%)
Progress: 3000/4000 (75.0%)
141
Progress: 0/4000 (0.0%)
Progress: 1000/4000 (25.0%)
Progress: 2000/4000 (50.0%)
Progress: 3000/4000 (75.0%)
142
Progress: 0/4000 (0.0%)
Progress: 1000/4000 (25.0%)
Progress: 2000/4000 (50.0%)
Progress: 3000/4000 (75.0%)
143
Progress: 0/4000 (0.0%)
Progress: 1000/4000 (25.0%)
Progress: 2000/4000 (50.0%)
Progress: 3000/4000 (75.0%)
144
Progress: 0/4000 (0.0%)
Progress: 1000/4000 (25.0%)
Progress: 2000/4000 (50.0%)
Progress: 3000/4000 (75.0%)
145
Progress: 0/4000 (0.0%)
Progress: 1000/4000 (25.0%)
Progress: 2000/4000 (50.0%)
Progress: 3000/4000 (75.0%)
146
Progress: 0/4000 (0.0%)
Progress: 1000/4000 (25.0%)
Progress: 2000/4000 (50.0%)
Progress: 3000/4000 (75.0%)
147
Progress: 0/4000 (0.0%)
Progress: 1000/4000 (25.0%)
Progress: 2000/4000 (50.0%)
Progress: 3000/4000 (75.0%)
148
Progress: 0/4000 (0.0%)
Progress: 1000/4000 (25.0%)
Progress: 2000/4000 (50.0%)
Progress: 3000/4000 (75.0%)
149
Progress: 0/4000 (0.0%)
Progress: 1000/4000 (25.0%)
Progress: 2000/4000 (50.0%)
Progress: 3000/4000 (75.0%)
150
Progress: 0/4000 (0.0%)
Progress: 1000/4000 (25.0%)
Progress: 2000/4000 (50.0%)
Progress: 3000/4000 (75.0%)
151
Progress: 0/4000 (0.0%)
Progress: 1000/4000 (25.0%)
Progress: 2000/4000 (50.0%)
Progress: 3000/4000 (75.0%)
152
Progress: 0/4000 (0.0%)
Progress: 1000/4000 (25.0%)
Progress: 2000/4000 (50.0%)
Progress: 3000/4000 (75.0%)
153
Progress: 0/4000 (0.0%)
Progress: 1000/4000 (25.0%)
Progress: 2000/4000 (50.0%)
Progress: 3000/4000 (75.0%)
154
Progress: 0/4000 (0.0%)
Progress: 1000/4000 (25.0%)
Progress: 2000/4000 (50.0%)
Progress: 3000/4000 (75.0%)
155
Progress: 0/4000 (0.0%)
Progress: 1000/4000 (25.0%)
Progress: 2000/4000 (50.0%)
Progress: 3000/4000 (75.0%)
156
Progress: 0/4000 (0.0%)
Progress: 1000/4000 (25.0%)
Progress: 2000/4000 (50.0%)
Progress: 3000/4000 (75.0%)
157
Progress: 0/4000 (0.0%)
Progress: 1000/4000 (25.0%)
oops
1669
158
Progress: 0/4000 (0.0%)
Progress: 1000/4000 (25.0%)
Progress: 2000/4000 (50.0%)
Progress: 3000/4000 (75.0%)
159
Progress: 0/4000 (0.0%)
Progress: 1000/4000 (25.0%)
Progress: 2000/4000 (50.0%)
Progress: 3000/4000 (75.0%)
160
Progress: 0/4000 (0.0%)
Progress: 1000/4000 (25.0%)
Progress: 2000/4000 (50.0%)
Progress: 3000/4000 (75.0%)
161
Progress: 0/4000 (0.0%)
Progress: 1000/4000 (25.0%)
Progress: 2000/4000 (50.0%)
Progress: 3000/4000 (75.0%)
162
Progress: 0/4000 (0.0%)
oops
518
163
Progress: 0/4000 (0.0%)
Progress: 1000/4000 (25.0%)
Progress: 2000/4000 (50.0%)
oops
2000
164
Progress: 0/4000 (0.0%)
Progress: 1000/4000 (25.0%)
Progress: 2000/4000 (50.0%)
Progress: 3000/4000 (75.0%)
165
Progress: 0/4000 (0.0%)
Progress: 1000/4000 (25.0%)
Progress: 2000/4000 (50.0%)
Progress: 3000/4000 (75.0%)
166
Progress: 0/4000 (0.0%)
Progress: 1000/4000 (25.0%)
Progress: 2000/4000 (50.0%)
Progress: 3000/4000 (75.0%)
167
Progress: 0/4000 (0.0%)
Progress: 1000/4000 (25.0%)
Progress: 2000/4000 (50.0%)
Progress: 3000/4000 (75.0%)
168
Progress: 0/4000 (0.0%)
Progress: 1000/4000 (25.0%)
Progress: 2000/4000 (50.0%)
Progress: 3000/4000 (75.0%)
169
Progress: 0/4000 (0.0%)
Progress: 1000/4000 (25.0%)
Progress: 2000/4000 (50.0%)
Progress: 3000/4000 (75.0%)
170
Progress: 0/4000 (0.0%)
Progress: 1000/4000 (25.0%)
Progress: 2000/4000 (50.0%)
Progress: 3000/4000 (75.0%)
171
Progress: 0/4000 (0.0%)
oops
446
172
Progress: 0/4000 (0.0%)
Progress: 1000/4000 (25.0%)
Progress: 2000/4000 (50.0%)
Progress: 3000/4000 (75.0%)
oops
3110
173
Progress: 0/4000 (0.0%)
Progress: 1000/4000 (25.0%)
Progress: 2000/4000 (50.0%)
Progress: 3000/4000 (75.0%)
174
Progress: 0/4000 (0.0%)
Progress: 1000/4000 (25.0%)
Progress: 2000/4000 (50.0%)
Progress: 3000/4000 (75.0%)
175
Progress: 0/4000 (0.0%)
Progress: 1000/4000 (25.0%)
oops
1809
176
Progress: 0/4000 (0.0%)
Progress: 1000/4000 (25.0%)
Progress: 2000/4000 (50.0%)
Progress: 3000/4000 (75.0%)
177
Progress: 0/4000 (0.0%)
Progress: 1000/4000 (25.0%)
Progress: 2000/4000 (50.0%)
Progress: 3000/4000 (75.0%)
178
Progress: 0/4000 (0.0%)
Progress: 1000/4000 (25.0%)
Progress: 2000/4000 (50.0%)
Progress: 3000/4000 (75.0%)
179
Progress: 0/4000 (0.0%)
Progress: 1000/4000 (25.0%)
Progress: 2000/4000 (50.0%)
Progress: 3000/4000 (75.0%)
180
Progress: 0/4000 (0.0%)
Progress: 1000/4000 (25.0%)
Progress: 2000/4000 (50.0%)
Progress: 3000/4000 (75.0%)
181
Progress: 0/4000 (0.0%)
Progress: 1000/4000 (25.0%)
Progress: 2000/4000 (50.0%)
Progress: 3000/4000 (75.0%)
182
Progress: 0/4000 (0.0%)
Progress: 1000/4000 (25.0%)
Progress: 2000/4000 (50.0%)
Progress: 3000/4000 (75.0%)
183
Progress: 0/4000 (0.0%)
Progress: 1000/4000 (25.0%)
Progress: 2000/4000 (50.0%)
Progress: 3000/4000 (75.0%)
184
Progress: 0/4000 (0.0%)
Progress: 1000/4000 (25.0%)
Progress: 2000/4000 (50.0%)
Progress: 3000/4000 (75.0%)
185
Progress: 0/4000 (0.0%)
Progress: 1000/4000 (25.0%)
Progress: 2000/4000 (50.0%)
Progress: 3000/4000 (75.0%)
186
Progress: 0/4000 (0.0%)
Progress: 1000/4000 (25.0%)
Progress: 2000/4000 (50.0%)
Progress: 3000/4000 (75.0%)
187
Progress: 0/4000 (0.0%)
Progress: 1000/4000 (25.0%)
Progress: 2000/4000 (50.0%)
Progress: 3000/4000 (75.0%)
188
Progress: 0/4000 (0.0%)
Progress: 1000/4000 (25.0%)
Progress: 2000/4000 (50.0%)
Progress: 3000/4000 (75.0%)
189
Progress: 0/4000 (0.0%)
Progress: 1000/4000 (25.0%)
Progress: 2000/4000 (50.0%)
Progress: 3000/4000 (75.0%)
190
Progress: 0/4000 (0.0%)
Progress: 1000/4000 (25.0%)
Progress: 2000/4000 (50.0%)
Progress: 3000/4000 (75.0%)
191
Progress: 0/4000 (0.0%)
Progress: 1000/4000 (25.0%)
Progress: 2000/4000 (50.0%)
Progress: 3000/4000 (75.0%)
192
Progress: 0/4000 (0.0%)
Progress: 1000/4000 (25.0%)
Progress: 2000/4000 (50.0%)
Progress: 3000/4000 (75.0%)
193
Progress: 0/4000 (0.0%)
Progress: 1000/4000 (25.0%)
Progress: 2000/4000 (50.0%)
Progress: 3000/4000 (75.0%)
194
Progress: 0/4000 (0.0%)
Progress: 1000/4000 (25.0%)
Progress: 2000/4000 (50.0%)
Progress: 3000/4000 (75.0%)
195
Progress: 0/4000 (0.0%)
Progress: 1000/4000 (25.0%)
Progress: 2000/4000 (50.0%)
Progress: 3000/4000 (75.0%)
196
Progress: 0/4000 (0.0%)
Progress: 1000/4000 (25.0%)
Progress: 2000/4000 (50.0%)
Progress: 3000/4000 (75.0%)
197
Progress: 0/4000 (0.0%)
Progress: 1000/4000 (25.0%)
Progress: 2000/4000 (50.0%)
Progress: 3000/4000 (75.0%)
198
Progress: 0/4000 (0.0%)
Progress: 1000/4000 (25.0%)
Progress: 2000/4000 (50.0%)
Progress: 3000/4000 (75.0%)
199
Progress: 0/4000 (0.0%)
Progress: 1000/4000 (25.0%)
Progress: 2000/4000 (50.0%)
Progress: 3000/4000 (75.0%)
200
Progress: 0/4000 (0.0%)
Progress: 1000/4000 (25.0%)
Progress: 2000/4000 (50.0%)
Progress: 3000/4000 (75.0%)
201
Progress: 0/4000 (0.0%)
Progress: 1000/4000 (25.0%)
Progress: 2000/4000 (50.0%)
Progress: 3000/4000 (75.0%)
202
Progress: 0/4000 (0.0%)
Progress: 1000/4000 (25.0%)
Progress: 2000/4000 (50.0%)
Progress: 3000/4000 (75.0%)
203
Progress: 0/4000 (0.0%)
Progress: 1000/4000 (25.0%)
Progress: 2000/4000 (50.0%)
Progress: 3000/4000 (75.0%)
204
Progress: 0/4000 (0.0%)
Progress: 1000/4000 (25.0%)
Progress: 2000/4000 (50.0%)
Progress: 3000/4000 (75.0%)
205
Progress: 0/4000 (0.0%)
Progress: 1000/4000 (25.0%)
Progress: 2000/4000 (50.0%)
Progress: 3000/4000 (75.0%)
206
Progress: 0/4000 (0.0%)
Progress: 1000/4000 (25.0%)
Progress: 2000/4000 (50.0%)
Progress: 3000/4000 (75.0%)
207
Progress: 0/4000 (0.0%)
Progress: 1000/4000 (25.0%)
Progress: 2000/4000 (50.0%)
Progress: 3000/4000 (75.0%)
208
Progress: 0/4000 (0.0%)
Progress: 1000/4000 (25.0%)
Progress: 2000/4000 (50.0%)
Progress: 3000/4000 (75.0%)
209
Progress: 0/4000 (0.0%)
Progress: 1000/4000 (25.0%)
Progress: 2000/4000 (50.0%)
Progress: 3000/4000 (75.0%)
210
Progress: 0/4000 (0.0%)
Progress: 1000/4000 (25.0%)
Progress: 2000/4000 (50.0%)
Progress: 3000/4000 (75.0%)
211
Progress: 0/4000 (0.0%)
Progress: 1000/4000 (25.0%)
Progress: 2000/4000 (50.0%)
Progress: 3000/4000 (75.0%)
212
Progress: 0/4000 (0.0%)
Progress: 1000/4000 (25.0%)
Progress: 2000/4000 (50.0%)
Progress: 3000/4000 (75.0%)
213
Progress: 0/4000 (0.0%)
Progress: 1000/4000 (25.0%)
oops
1257
214
Progress: 0/4000 (0.0%)
Progress: 1000/4000 (25.0%)
Progress: 2000/4000 (50.0%)
Progress: 3000/4000 (75.0%)
215
Progress: 0/4000 (0.0%)
Progress: 1000/4000 (25.0%)
Progress: 2000/4000 (50.0%)
Progress: 3000/4000 (75.0%)
216
Progress: 0/4000 (0.0%)
Progress: 1000/4000 (25.0%)
Progress: 2000/4000 (50.0%)
Progress: 3000/4000 (75.0%)
oops
3042
217
Progress: 0/4000 (0.0%)
Progress: 1000/4000 (25.0%)
Progress: 2000/4000 (50.0%)
Progress: 3000/4000 (75.0%)
218
Progress: 0/4000 (0.0%)
Progress: 1000/4000 (25.0%)
Progress: 2000/4000 (50.0%)
Progress: 3000/4000 (75.0%)
219
Progress: 0/4000 (0.0%)
Progress: 1000/4000 (25.0%)
Progress: 2000/4000 (50.0%)
Progress: 3000/4000 (75.0%)
220
Progress: 0/4000 (0.0%)
Progress: 1000/4000 (25.0%)
Progress: 2000/4000 (50.0%)
Progress: 3000/4000 (75.0%)
221
Progress: 0/4000 (0.0%)
Progress: 1000/4000 (25.0%)
Progress: 2000/4000 (50.0%)
Progress: 3000/4000 (75.0%)
222
Progress: 0/4000 (0.0%)
Progress: 1000/4000 (25.0%)
Progress: 2000/4000 (50.0%)
Progress: 3000/4000 (75.0%)
223
Progress: 0/4000 (0.0%)
Progress: 1000/4000 (25.0%)
Progress: 2000/4000 (50.0%)
Progress: 3000/4000 (75.0%)
224
Progress: 0/4000 (0.0%)
Progress: 1000/4000 (25.0%)
Progress: 2000/4000 (50.0%)
Progress: 3000/4000 (75.0%)
225
Progress: 0/4000 (0.0%)
Progress: 1000/4000 (25.0%)
Progress: 2000/4000 (50.0%)
Progress: 3000/4000 (75.0%)
226
Progress: 0/4000 (0.0%)
Progress: 1000/4000 (25.0%)
Progress: 2000/4000 (50.0%)
Progress: 3000/4000 (75.0%)
227
Progress: 0/4000 (0.0%)
Progress: 1000/4000 (25.0%)
Progress: 2000/4000 (50.0%)
Progress: 3000/4000 (75.0%)
228
Progress: 0/4000 (0.0%)
Progress: 1000/4000 (25.0%)
Progress: 2000/4000 (50.0%)
Progress: 3000/4000 (75.0%)
229
Progress: 0/4000 (0.0%)
Progress: 1000/4000 (25.0%)
Progress: 2000/4000 (50.0%)
Progress: 3000/4000 (75.0%)
230
Progress: 0/4000 (0.0%)
Progress: 1000/4000 (25.0%)
Progress: 2000/4000 (50.0%)
Progress: 3000/4000 (75.0%)
231
Progress: 0/4000 (0.0%)
Progress: 1000/4000 (25.0%)
Progress: 2000/4000 (50.0%)
Progress: 3000/4000 (75.0%)
232
Progress: 0/4000 (0.0%)
Progress: 1000/4000 (25.0%)
Progress: 2000/4000 (50.0%)
Progress: 3000/4000 (75.0%)
233
Progress: 0/4000 (0.0%)
Progress: 1000/4000 (25.0%)
Progress: 2000/4000 (50.0%)
Progress: 3000/4000 (75.0%)
234
Progress: 0/4000 (0.0%)
Progress: 1000/4000 (25.0%)
Progress: 2000/4000 (50.0%)
Progress: 3000/4000 (75.0%)
235
Progress: 0/4000 (0.0%)
Progress: 1000/4000 (25.0%)
Progress: 2000/4000 (50.0%)
Progress: 3000/4000 (75.0%)
236
Progress: 0/4000 (0.0%)
Progress: 1000/4000 (25.0%)
Progress: 2000/4000 (50.0%)
Progress: 3000/4000 (75.0%)
237
Progress: 0/4000 (0.0%)
Progress: 1000/4000 (25.0%)
Progress: 2000/4000 (50.0%)
Progress: 3000/4000 (75.0%)
238
Progress: 0/4000 (0.0%)
Progress: 1000/4000 (25.0%)
Progress: 2000/4000 (50.0%)
Progress: 3000/4000 (75.0%)
239
Progress: 0/4000 (0.0%)
Progress: 1000/4000 (25.0%)
Progress: 2000/4000 (50.0%)
oops
2431
240
Progress: 0/4000 (0.0%)
Progress: 1000/4000 (25.0%)
Progress: 2000/4000 (50.0%)
Progress: 3000/4000 (75.0%)
241
Progress: 0/4000 (0.0%)
Progress: 1000/4000 (25.0%)
Progress: 2000/4000 (50.0%)
Progress: 3000/4000 (75.0%)
242
Progress: 0/4000 (0.0%)
Progress: 1000/4000 (25.0%)
Progress: 2000/4000 (50.0%)
Progress: 3000/4000 (75.0%)
243
Progress: 0/4000 (0.0%)
Progress: 1000/4000 (25.0%)
Progress: 2000/4000 (50.0%)
Progress: 3000/4000 (75.0%)
244
Progress: 0/4000 (0.0%)
oops
707
245
Progress: 0/4000 (0.0%)
Progress: 1000/4000 (25.0%)
Progress: 2000/4000 (50.0%)
Progress: 3000/4000 (75.0%)
246
Progress: 0/4000 (0.0%)
Progress: 1000/4000 (25.0%)
Progress: 2000/4000 (50.0%)
Progress: 3000/4000 (75.0%)
247
Progress: 0/4000 (0.0%)
Progress: 1000/4000 (25.0%)
Progress: 2000/4000 (50.0%)
Progress: 3000/4000 (75.0%)
248
Progress: 0/4000 (0.0%)
Progress: 1000/4000 (25.0%)
oops
1445
249
Progress: 0/4000 (0.0%)
Progress: 1000/4000 (25.0%)
Progress: 2000/4000 (50.0%)
Progress: 3000/4000 (75.0%)
250
Progress: 0/4000 (0.0%)
Progress: 1000/4000 (25.0%)
Progress: 2000/4000 (50.0%)
Progress: 3000/4000 (75.0%)
251
Progress: 0/4000 (0.0%)
Progress: 1000/4000 (25.0%)
Progress: 2000/4000 (50.0%)
Progress: 3000/4000 (75.0%)
252
Progress: 0/4000 (0.0%)
Progress: 1000/4000 (25.0%)
Progress: 2000/4000 (50.0%)
Progress: 3000/4000 (75.0%)
253
Progress: 0/4000 (0.0%)
Progress: 1000/4000 (25.0%)
Progress: 2000/4000 (50.0%)
Progress: 3000/4000 (75.0%)
254
Progress: 0/4000 (0.0%)
Progress: 1000/4000 (25.0%)
Progress: 2000/4000 (50.0%)
Progress: 3000/4000 (75.0%)
255
Progress: 0/4000 (0.0%)
Progress: 1000/4000 (25.0%)
Progress: 2000/4000 (50.0%)
Progress: 3000/4000 (75.0%)
256
Progress: 0/4000 (0.0%)
Progress: 1000/4000 (25.0%)
Progress: 2000/4000 (50.0%)
Progress: 3000/4000 (75.0%)
257
Progress: 0/4000 (0.0%)
Progress: 1000/4000 (25.0%)
Progress: 2000/4000 (50.0%)
Progress: 3000/4000 (75.0%)
258
Progress: 0/4000 (0.0%)
Progress: 1000/4000 (25.0%)
Progress: 2000/4000 (50.0%)
Progress: 3000/4000 (75.0%)
259
Progress: 0/4000 (0.0%)
Progress: 1000/4000 (25.0%)
Progress: 2000/4000 (50.0%)
Progress: 3000/4000 (75.0%)
260
Progress: 0/4000 (0.0%)
Progress: 1000/4000 (25.0%)
Progress: 2000/4000 (50.0%)
Progress: 3000/4000 (75.0%)
261
Progress: 0/4000 (0.0%)
Progress: 1000/4000 (25.0%)
Progress: 2000/4000 (50.0%)
Progress: 3000/4000 (75.0%)
262
Progress: 0/4000 (0.0%)
Progress: 1000/4000 (25.0%)
Progress: 2000/4000 (50.0%)
Progress: 3000/4000 (75.0%)
263
Progress: 0/4000 (0.0%)
Progress: 1000/4000 (25.0%)
Progress: 2000/4000 (50.0%)
Progress: 3000/4000 (75.0%)
264
Progress: 0/4000 (0.0%)
Progress: 1000/4000 (25.0%)
Progress: 2000/4000 (50.0%)
Progress: 3000/4000 (75.0%)
265
Progress: 0/4000 (0.0%)
oops
326
266
Progress: 0/4000 (0.0%)
Progress: 1000/4000 (25.0%)
Progress: 2000/4000 (50.0%)
Progress: 3000/4000 (75.0%)
267
Progress: 0/4000 (0.0%)
Progress: 1000/4000 (25.0%)
Progress: 2000/4000 (50.0%)
Progress: 3000/4000 (75.0%)
268
Progress: 0/4000 (0.0%)
Progress: 1000/4000 (25.0%)
Progress: 2000/4000 (50.0%)
Progress: 3000/4000 (75.0%)
269
Progress: 0/4000 (0.0%)
Progress: 1000/4000 (25.0%)
Progress: 2000/4000 (50.0%)
Progress: 3000/4000 (75.0%)
270
Progress: 0/4000 (0.0%)
Progress: 1000/4000 (25.0%)
Progress: 2000/4000 (50.0%)
Progress: 3000/4000 (75.0%)
271
Progress: 0/4000 (0.0%)
oops
606
272
Progress: 0/4000 (0.0%)
Progress: 1000/4000 (25.0%)
Progress: 2000/4000 (50.0%)
Progress: 3000/4000 (75.0%)
273
Progress: 0/4000 (0.0%)
Progress: 1000/4000 (25.0%)
Progress: 2000/4000 (50.0%)
Progress: 3000/4000 (75.0%)
274
Progress: 0/4000 (0.0%)
Progress: 1000/4000 (25.0%)
Progress: 2000/4000 (50.0%)
Progress: 3000/4000 (75.0%)
275
Progress: 0/4000 (0.0%)
Progress: 1000/4000 (25.0%)
Progress: 2000/4000 (50.0%)
Progress: 3000/4000 (75.0%)
276
Progress: 0/4000 (0.0%)
Progress: 1000/4000 (25.0%)
Progress: 2000/4000 (50.0%)
Progress: 3000/4000 (75.0%)
277
Progress: 0/4000 (0.0%)
Progress: 1000/4000 (25.0%)
Progress: 2000/4000 (50.0%)
Progress: 3000/4000 (75.0%)
278
Progress: 0/4000 (0.0%)
Progress: 1000/4000 (25.0%)
Progress: 2000/4000 (50.0%)
Progress: 3000/4000 (75.0%)
279
Progress: 0/4000 (0.0%)
Progress: 1000/4000 (25.0%)
Progress: 2000/4000 (50.0%)
Progress: 3000/4000 (75.0%)
280
Progress: 0/4000 (0.0%)
Progress: 1000/4000 (25.0%)
Progress: 2000/4000 (50.0%)
Progress: 3000/4000 (75.0%)
281
Progress: 0/4000 (0.0%)
Progress: 1000/4000 (25.0%)
Progress: 2000/4000 (50.0%)
Progress: 3000/4000 (75.0%)
282
Progress: 0/4000 (0.0%)
Progress: 1000/4000 (25.0%)
Progress: 2000/4000 (50.0%)
Progress: 3000/4000 (75.0%)
283
Progress: 0/4000 (0.0%)
Progress: 1000/4000 (25.0%)
Progress: 2000/4000 (50.0%)
Progress: 3000/4000 (75.0%)
284
Progress: 0/4000 (0.0%)
Progress: 1000/4000 (25.0%)
Progress: 2000/4000 (50.0%)
Progress: 3000/4000 (75.0%)
285
Progress: 0/4000 (0.0%)
Progress: 1000/4000 (25.0%)
Progress: 2000/4000 (50.0%)
Progress: 3000/4000 (75.0%)
286
Progress: 0/4000 (0.0%)
Progress: 1000/4000 (25.0%)
Progress: 2000/4000 (50.0%)
Progress: 3000/4000 (75.0%)
287
Progress: 0/4000 (0.0%)
Progress: 1000/4000 (25.0%)
Progress: 2000/4000 (50.0%)
Progress: 3000/4000 (75.0%)
288
Progress: 0/4000 (0.0%)
Progress: 1000/4000 (25.0%)
Progress: 2000/4000 (50.0%)
Progress: 3000/4000 (75.0%)
289
Progress: 0/4000 (0.0%)
Progress: 1000/4000 (25.0%)
Progress: 2000/4000 (50.0%)
Progress: 3000/4000 (75.0%)
290
Progress: 0/4000 (0.0%)
Progress: 1000/4000 (25.0%)
Progress: 2000/4000 (50.0%)
Progress: 3000/4000 (75.0%)
291
Progress: 0/4000 (0.0%)
Progress: 1000/4000 (25.0%)
Progress: 2000/4000 (50.0%)
Progress: 3000/4000 (75.0%)
292
Progress: 0/4000 (0.0%)
Progress: 1000/4000 (25.0%)
Progress: 2000/4000 (50.0%)
Progress: 3000/4000 (75.0%)
293
Progress: 0/4000 (0.0%)
Progress: 1000/4000 (25.0%)
Progress: 2000/4000 (50.0%)
Progress: 3000/4000 (75.0%)
294
Progress: 0/4000 (0.0%)
Progress: 1000/4000 (25.0%)
Progress: 2000/4000 (50.0%)
Progress: 3000/4000 (75.0%)
295
Progress: 0/4000 (0.0%)
Progress: 1000/4000 (25.0%)
Progress: 2000/4000 (50.0%)
Progress: 3000/4000 (75.0%)
296
Progress: 0/4000 (0.0%)
Progress: 1000/4000 (25.0%)
Progress: 2000/4000 (50.0%)
Progress: 3000/4000 (75.0%)
297
Progress: 0/4000 (0.0%)
Progress: 1000/4000 (25.0%)
Progress: 2000/4000 (50.0%)
Progress: 3000/4000 (75.0%)
298
Progress: 0/4000 (0.0%)
Progress: 1000/4000 (25.0%)
Progress: 2000/4000 (50.0%)
Progress: 3000/4000 (75.0%)
299
Progress: 0/4000 (0.0%)
Progress: 1000/4000 (25.0%)
Progress: 2000/4000 (50.0%)
Progress: 3000/4000 (75.0%)
300
Progress: 0/4000 (0.0%)
Progress: 1000/4000 (25.0%)
Progress: 2000/4000 (50.0%)
Progress: 3000/4000 (75.0%)
301
Progress: 0/4000 (0.0%)
Progress: 1000/4000 (25.0%)
Progress: 2000/4000 (50.0%)
Progress: 3000/4000 (75.0%)
302
Progress: 0/4000 (0.0%)
Progress: 1000/4000 (25.0%)
oops
1495
303
Progress: 0/4000 (0.0%)
Progress: 1000/4000 (25.0%)
Progress: 2000/4000 (50.0%)
Progress: 3000/4000 (75.0%)
304
Progress: 0/4000 (0.0%)
Progress: 1000/4000 (25.0%)
Progress: 2000/4000 (50.0%)
Progress: 3000/4000 (75.0%)
305
Progress: 0/4000 (0.0%)
Progress: 1000/4000 (25.0%)
Progress: 2000/4000 (50.0%)
oops
2500
306
Progress: 0/4000 (0.0%)
Progress: 1000/4000 (25.0%)
Progress: 2000/4000 (50.0%)
Progress: 3000/4000 (75.0%)
307
Progress: 0/4000 (0.0%)
Progress: 1000/4000 (25.0%)
Progress: 2000/4000 (50.0%)
Progress: 3000/4000 (75.0%)
308
Progress: 0/4000 (0.0%)
Progress: 1000/4000 (25.0%)
Progress: 2000/4000 (50.0%)
Progress: 3000/4000 (75.0%)
309
Progress: 0/4000 (0.0%)
Progress: 1000/4000 (25.0%)
Progress: 2000/4000 (50.0%)
Progress: 3000/4000 (75.0%)
310
Progress: 0/4000 (0.0%)
Progress: 1000/4000 (25.0%)
Progress: 2000/4000 (50.0%)
Progress: 3000/4000 (75.0%)
311
Progress: 0/4000 (0.0%)
Progress: 1000/4000 (25.0%)
Progress: 2000/4000 (50.0%)
Progress: 3000/4000 (75.0%)
312
Progress: 0/4000 (0.0%)
Progress: 1000/4000 (25.0%)
Progress: 2000/4000 (50.0%)
Progress: 3000/4000 (75.0%)
313
Progress: 0/4000 (0.0%)
Progress: 1000/4000 (25.0%)
Progress: 2000/4000 (50.0%)
Progress: 3000/4000 (75.0%)
314
Progress: 0/4000 (0.0%)
Progress: 1000/4000 (25.0%)
Progress: 2000/4000 (50.0%)
Progress: 3000/4000 (75.0%)
315
Progress: 0/4000 (0.0%)
Progress: 1000/4000 (25.0%)
Progress: 2000/4000 (50.0%)
Progress: 3000/4000 (75.0%)
316
Progress: 0/4000 (0.0%)
Progress: 1000/4000 (25.0%)
Progress: 2000/4000 (50.0%)
Progress: 3000/4000 (75.0%)
317
Progress: 0/4000 (0.0%)
Progress: 1000/4000 (25.0%)
Progress: 2000/4000 (50.0%)
Progress: 3000/4000 (75.0%)
318
Progress: 0/4000 (0.0%)
Progress: 1000/4000 (25.0%)
Progress: 2000/4000 (50.0%)
Progress: 3000/4000 (75.0%)
319
Progress: 0/4000 (0.0%)
Progress: 1000/4000 (25.0%)
Progress: 2000/4000 (50.0%)
Progress: 3000/4000 (75.0%)
320
Progress: 0/4000 (0.0%)
Progress: 1000/4000 (25.0%)
Progress: 2000/4000 (50.0%)
Progress: 3000/4000 (75.0%)
321
Progress: 0/4000 (0.0%)
Progress: 1000/4000 (25.0%)
Progress: 2000/4000 (50.0%)
Progress: 3000/4000 (75.0%)
322
Progress: 0/4000 (0.0%)
Progress: 1000/4000 (25.0%)
Progress: 2000/4000 (50.0%)
Progress: 3000/4000 (75.0%)
323
Progress: 0/4000 (0.0%)
Progress: 1000/4000 (25.0%)
Progress: 2000/4000 (50.0%)
Progress: 3000/4000 (75.0%)
324
Progress: 0/4000 (0.0%)
Progress: 1000/4000 (25.0%)
Progress: 2000/4000 (50.0%)
Progress: 3000/4000 (75.0%)
325
Progress: 0/4000 (0.0%)
Progress: 1000/4000 (25.0%)
Progress: 2000/4000 (50.0%)
Progress: 3000/4000 (75.0%)
326
Progress: 0/4000 (0.0%)
Progress: 1000/4000 (25.0%)
Progress: 2000/4000 (50.0%)
Progress: 3000/4000 (75.0%)
327
Progress: 0/4000 (0.0%)
Progress: 1000/4000 (25.0%)
Progress: 2000/4000 (50.0%)
Progress: 3000/4000 (75.0%)
328
Progress: 0/4000 (0.0%)
Progress: 1000/4000 (25.0%)
Progress: 2000/4000 (50.0%)
Progress: 3000/4000 (75.0%)
329
Progress: 0/4000 (0.0%)
Progress: 1000/4000 (25.0%)
Progress: 2000/4000 (50.0%)
Progress: 3000/4000 (75.0%)
330
Progress: 0/4000 (0.0%)
Progress: 1000/4000 (25.0%)
Progress: 2000/4000 (50.0%)
Progress: 3000/4000 (75.0%)
331
Progress: 0/4000 (0.0%)
Progress: 1000/4000 (25.0%)
Progress: 2000/4000 (50.0%)
Progress: 3000/4000 (75.0%)
332
Progress: 0/4000 (0.0%)
Progress: 1000/4000 (25.0%)
Progress: 2000/4000 (50.0%)
Progress: 3000/4000 (75.0%)
333
Progress: 0/4000 (0.0%)
Progress: 1000/4000 (25.0%)
Progress: 2000/4000 (50.0%)
Progress: 3000/4000 (75.0%)
334
Progress: 0/4000 (0.0%)
Progress: 1000/4000 (25.0%)
Progress: 2000/4000 (50.0%)
Progress: 3000/4000 (75.0%)
335
Progress: 0/4000 (0.0%)
Progress: 1000/4000 (25.0%)
Progress: 2000/4000 (50.0%)
Progress: 3000/4000 (75.0%)
336
Progress: 0/4000 (0.0%)
Progress: 1000/4000 (25.0%)
Progress: 2000/4000 (50.0%)
oops
2624
337
Progress: 0/4000 (0.0%)
Progress: 1000/4000 (25.0%)
Progress: 2000/4000 (50.0%)
Progress: 3000/4000 (75.0%)
338
Progress: 0/4000 (0.0%)
Progress: 1000/4000 (25.0%)
Progress: 2000/4000 (50.0%)
Progress: 3000/4000 (75.0%)
339
Progress: 0/4000 (0.0%)
Progress: 1000/4000 (25.0%)
Progress: 2000/4000 (50.0%)
Progress: 3000/4000 (75.0%)
340
Progress: 0/4000 (0.0%)
Progress: 1000/4000 (25.0%)
Progress: 2000/4000 (50.0%)
Progress: 3000/4000 (75.0%)
341
Progress: 0/4000 (0.0%)
Progress: 1000/4000 (25.0%)
Progress: 2000/4000 (50.0%)
Progress: 3000/4000 (75.0%)
342
Progress: 0/4000 (0.0%)
Progress: 1000/4000 (25.0%)
Progress: 2000/4000 (50.0%)
Progress: 3000/4000 (75.0%)
343
Progress: 0/4000 (0.0%)
Progress: 1000/4000 (25.0%)
Progress: 2000/4000 (50.0%)
Progress: 3000/4000 (75.0%)
344
Progress: 0/4000 (0.0%)
Progress: 1000/4000 (25.0%)
Progress: 2000/4000 (50.0%)
Progress: 3000/4000 (75.0%)
345
Progress: 0/4000 (0.0%)
Progress: 1000/4000 (25.0%)
Progress: 2000/4000 (50.0%)
Progress: 3000/4000 (75.0%)
346
Progress: 0/4000 (0.0%)
Progress: 1000/4000 (25.0%)
Progress: 2000/4000 (50.0%)
Progress: 3000/4000 (75.0%)
347
Progress: 0/4000 (0.0%)
Progress: 1000/4000 (25.0%)
Progress: 2000/4000 (50.0%)
Progress: 3000/4000 (75.0%)
348
Progress: 0/4000 (0.0%)
Progress: 1000/4000 (25.0%)
Progress: 2000/4000 (50.0%)
Progress: 3000/4000 (75.0%)
349
Progress: 0/4000 (0.0%)
Progress: 1000/4000 (25.0%)
Progress: 2000/4000 (50.0%)
Progress: 3000/4000 (75.0%)
350
Progress: 0/4000 (0.0%)
Progress: 1000/4000 (25.0%)
Progress: 2000/4000 (50.0%)
Progress: 3000/4000 (75.0%)
351
Progress: 0/4000 (0.0%)
Progress: 1000/4000 (25.0%)
Progress: 2000/4000 (50.0%)
Progress: 3000/4000 (75.0%)
352
Progress: 0/4000 (0.0%)
Progress: 1000/4000 (25.0%)
Progress: 2000/4000 (50.0%)
Progress: 3000/4000 (75.0%)
353
Progress: 0/4000 (0.0%)
Progress: 1000/4000 (25.0%)
Progress: 2000/4000 (50.0%)
Progress: 3000/4000 (75.0%)
354
Progress: 0/4000 (0.0%)
Progress: 1000/4000 (25.0%)
Progress: 2000/4000 (50.0%)
Progress: 3000/4000 (75.0%)
355
Progress: 0/4000 (0.0%)
Progress: 1000/4000 (25.0%)
Progress: 2000/4000 (50.0%)
Progress: 3000/4000 (75.0%)
356
Progress: 0/4000 (0.0%)
Progress: 1000/4000 (25.0%)
Progress: 2000/4000 (50.0%)
Progress: 3000/4000 (75.0%)
357
Progress: 0/4000 (0.0%)
Progress: 1000/4000 (25.0%)
Progress: 2000/4000 (50.0%)
Progress: 3000/4000 (75.0%)
358
Progress: 0/4000 (0.0%)
Progress: 1000/4000 (25.0%)
Progress: 2000/4000 (50.0%)
Progress: 3000/4000 (75.0%)
359
Progress: 0/4000 (0.0%)
Progress: 1000/4000 (25.0%)
Progress: 2000/4000 (50.0%)
Progress: 3000/4000 (75.0%)
360
Progress: 0/4000 (0.0%)
Progress: 1000/4000 (25.0%)
Progress: 2000/4000 (50.0%)
Progress: 3000/4000 (75.0%)
361
Progress: 0/4000 (0.0%)
Progress: 1000/4000 (25.0%)
Progress: 2000/4000 (50.0%)
Progress: 3000/4000 (75.0%)
362
Progress: 0/4000 (0.0%)
Progress: 1000/4000 (25.0%)
Progress: 2000/4000 (50.0%)
Progress: 3000/4000 (75.0%)
363
Progress: 0/4000 (0.0%)
Progress: 1000/4000 (25.0%)
Progress: 2000/4000 (50.0%)
Progress: 3000/4000 (75.0%)
364
Progress: 0/4000 (0.0%)
Progress: 1000/4000 (25.0%)
Progress: 2000/4000 (50.0%)
Progress: 3000/4000 (75.0%)
365
Progress: 0/4000 (0.0%)
Progress: 1000/4000 (25.0%)
Progress: 2000/4000 (50.0%)
Progress: 3000/4000 (75.0%)
366
Progress: 0/4000 (0.0%)
Progress: 1000/4000 (25.0%)
Progress: 2000/4000 (50.0%)
Progress: 3000/4000 (75.0%)
367
Progress: 0/4000 (0.0%)
Progress: 1000/4000 (25.0%)
Progress: 2000/4000 (50.0%)
Progress: 3000/4000 (75.0%)
368
Progress: 0/4000 (0.0%)
Progress: 1000/4000 (25.0%)
Progress: 2000/4000 (50.0%)
Progress: 3000/4000 (75.0%)
369
Progress: 0/4000 (0.0%)
Progress: 1000/4000 (25.0%)
Progress: 2000/4000 (50.0%)
Progress: 3000/4000 (75.0%)
370
Progress: 0/4000 (0.0%)
Progress: 1000/4000 (25.0%)
oops
1483
371
Progress: 0/4000 (0.0%)
Progress: 1000/4000 (25.0%)
Progress: 2000/4000 (50.0%)
Progress: 3000/4000 (75.0%)
372
Progress: 0/4000 (0.0%)
Progress: 1000/4000 (25.0%)
Progress: 2000/4000 (50.0%)
Progress: 3000/4000 (75.0%)
373
Progress: 0/4000 (0.0%)
Progress: 1000/4000 (25.0%)
Progress: 2000/4000 (50.0%)
Progress: 3000/4000 (75.0%)
374
Progress: 0/4000 (0.0%)
Progress: 1000/4000 (25.0%)
Progress: 2000/4000 (50.0%)
Progress: 3000/4000 (75.0%)
oops
3002
375
Progress: 0/4000 (0.0%)
Progress: 1000/4000 (25.0%)
oops
1003
376
Progress: 0/4000 (0.0%)
Progress: 1000/4000 (25.0%)
Progress: 2000/4000 (50.0%)
Progress: 3000/4000 (75.0%)
377
Progress: 0/4000 (0.0%)
Progress: 1000/4000 (25.0%)
Progress: 2000/4000 (50.0%)
Progress: 3000/4000 (75.0%)
oops
3148
378
Progress: 0/4000 (0.0%)
Progress: 1000/4000 (25.0%)
Progress: 2000/4000 (50.0%)
Progress: 3000/4000 (75.0%)
379
Progress: 0/4000 (0.0%)
Progress: 1000/4000 (25.0%)
Progress: 2000/4000 (50.0%)
Progress: 3000/4000 (75.0%)
380
Progress: 0/4000 (0.0%)
Progress: 1000/4000 (25.0%)
Progress: 2000/4000 (50.0%)
Progress: 3000/4000 (75.0%)
381
Progress: 0/4000 (0.0%)
Progress: 1000/4000 (25.0%)
Progress: 2000/4000 (50.0%)
Progress: 3000/4000 (75.0%)
382
Progress: 0/4000 (0.0%)
Progress: 1000/4000 (25.0%)
Progress: 2000/4000 (50.0%)
Progress: 3000/4000 (75.0%)
383
Progress: 0/4000 (0.0%)
Progress: 1000/4000 (25.0%)
Progress: 2000/4000 (50.0%)
Progress: 3000/4000 (75.0%)
384
Progress: 0/4000 (0.0%)
Progress: 1000/4000 (25.0%)
Progress: 2000/4000 (50.0%)
Progress: 3000/4000 (75.0%)
385
Progress: 0/4000 (0.0%)
Progress: 1000/4000 (25.0%)
Progress: 2000/4000 (50.0%)
Progress: 3000/4000 (75.0%)
386
Progress: 0/4000 (0.0%)
Progress: 1000/4000 (25.0%)
Progress: 2000/4000 (50.0%)
Progress: 3000/4000 (75.0%)
387
Progress: 0/4000 (0.0%)
Progress: 1000/4000 (25.0%)
Progress: 2000/4000 (50.0%)
Progress: 3000/4000 (75.0%)
388
Progress: 0/4000 (0.0%)
Progress: 1000/4000 (25.0%)
Progress: 2000/4000 (50.0%)
Progress: 3000/4000 (75.0%)
389
Progress: 0/4000 (0.0%)
Progress: 1000/4000 (25.0%)
Progress: 2000/4000 (50.0%)
Progress: 3000/4000 (75.0%)
390
Progress: 0/4000 (0.0%)
Progress: 1000/4000 (25.0%)
Progress: 2000/4000 (50.0%)
Progress: 3000/4000 (75.0%)
391
Progress: 0/4000 (0.0%)
Progress: 1000/4000 (25.0%)
Progress: 2000/4000 (50.0%)
oops
2479
392
Progress: 0/4000 (0.0%)
Progress: 1000/4000 (25.0%)
Progress: 2000/4000 (50.0%)
Progress: 3000/4000 (75.0%)
393
Progress: 0/4000 (0.0%)
Progress: 1000/4000 (25.0%)
Progress: 2000/4000 (50.0%)
Progress: 3000/4000 (75.0%)
394
Progress: 0/4000 (0.0%)
Progress: 1000/4000 (25.0%)
Progress: 2000/4000 (50.0%)
Progress: 3000/4000 (75.0%)
395
Progress: 0/4000 (0.0%)
Progress: 1000/4000 (25.0%)
Progress: 2000/4000 (50.0%)
Progress: 3000/4000 (75.0%)
396
Progress: 0/4000 (0.0%)
Progress: 1000/4000 (25.0%)
Progress: 2000/4000 (50.0%)
Progress: 3000/4000 (75.0%)
397
Progress: 0/4000 (0.0%)
Progress: 1000/4000 (25.0%)
Progress: 2000/4000 (50.0%)
Progress: 3000/4000 (75.0%)
398
Progress: 0/4000 (0.0%)
Progress: 1000/4000 (25.0%)
Progress: 2000/4000 (50.0%)
Progress: 3000/4000 (75.0%)
399
Progress: 0/4000 (0.0%)
Progress: 1000/4000 (25.0%)
Progress: 2000/4000 (50.0%)
Progress: 3000/4000 (75.0%)
400
Progress: 0/4000 (0.0%)
Progress: 1000/4000 (25.0%)
Progress: 2000/4000 (50.0%)
Progress: 3000/4000 (75.0%)
401
Progress: 0/4000 (0.0%)
Progress: 1000/4000 (25.0%)
Progress: 2000/4000 (50.0%)
Progress: 3000/4000 (75.0%)
402
Progress: 0/4000 (0.0%)
Progress: 1000/4000 (25.0%)
Progress: 2000/4000 (50.0%)
Progress: 3000/4000 (75.0%)
403
Progress: 0/4000 (0.0%)
Progress: 1000/4000 (25.0%)
Progress: 2000/4000 (50.0%)
Progress: 3000/4000 (75.0%)
404
Progress: 0/4000 (0.0%)
Progress: 1000/4000 (25.0%)
Progress: 2000/4000 (50.0%)
Progress: 3000/4000 (75.0%)
405
Progress: 0/4000 (0.0%)
Progress: 1000/4000 (25.0%)
Progress: 2000/4000 (50.0%)
Progress: 3000/4000 (75.0%)
406
Progress: 0/4000 (0.0%)
Progress: 1000/4000 (25.0%)
Progress: 2000/4000 (50.0%)
Progress: 3000/4000 (75.0%)
407
Progress: 0/4000 (0.0%)
Progress: 1000/4000 (25.0%)
Progress: 2000/4000 (50.0%)
Progress: 3000/4000 (75.0%)
408
Progress: 0/4000 (0.0%)
oops
340
409
Progress: 0/4000 (0.0%)
Progress: 1000/4000 (25.0%)
Progress: 2000/4000 (50.0%)
Progress: 3000/4000 (75.0%)
410
Progress: 0/4000 (0.0%)
Progress: 1000/4000 (25.0%)
Progress: 2000/4000 (50.0%)
Progress: 3000/4000 (75.0%)
411
Progress: 0/4000 (0.0%)
Progress: 1000/4000 (25.0%)
Progress: 2000/4000 (50.0%)
Progress: 3000/4000 (75.0%)
412
Progress: 0/4000 (0.0%)
Progress: 1000/4000 (25.0%)
Progress: 2000/4000 (50.0%)
Progress: 3000/4000 (75.0%)
413
Progress: 0/4000 (0.0%)
oops
724
414
Progress: 0/4000 (0.0%)
Progress: 1000/4000 (25.0%)
Progress: 2000/4000 (50.0%)
Progress: 3000/4000 (75.0%)
415
Progress: 0/4000 (0.0%)
oops
861
416
Progress: 0/4000 (0.0%)
Progress: 1000/4000 (25.0%)
Progress: 2000/4000 (50.0%)
Progress: 3000/4000 (75.0%)
417
Progress: 0/4000 (0.0%)
Progress: 1000/4000 (25.0%)
oops
1782
418
Progress: 0/4000 (0.0%)
Progress: 1000/4000 (25.0%)
Progress: 2000/4000 (50.0%)
Progress: 3000/4000 (75.0%)
419
Progress: 0/4000 (0.0%)
Progress: 1000/4000 (25.0%)
Progress: 2000/4000 (50.0%)
Progress: 3000/4000 (75.0%)
420
Progress: 0/4000 (0.0%)
Progress: 1000/4000 (25.0%)
Progress: 2000/4000 (50.0%)
Progress: 3000/4000 (75.0%)
421
Progress: 0/4000 (0.0%)
Progress: 1000/4000 (25.0%)
Progress: 2000/4000 (50.0%)
Progress: 3000/4000 (75.0%)
422
Progress: 0/4000 (0.0%)
Progress: 1000/4000 (25.0%)
Progress: 2000/4000 (50.0%)
Progress: 3000/4000 (75.0%)
423
Progress: 0/4000 (0.0%)
Progress: 1000/4000 (25.0%)
Progress: 2000/4000 (50.0%)
Progress: 3000/4000 (75.0%)
424
Progress: 0/4000 (0.0%)
Progress: 1000/4000 (25.0%)
Progress: 2000/4000 (50.0%)
Progress: 3000/4000 (75.0%)
425
Progress: 0/4000 (0.0%)
Progress: 1000/4000 (25.0%)
Progress: 2000/4000 (50.0%)
Progress: 3000/4000 (75.0%)
426
Progress: 0/4000 (0.0%)
Progress: 1000/4000 (25.0%)
Progress: 2000/4000 (50.0%)
Progress: 3000/4000 (75.0%)
427
Progress: 0/4000 (0.0%)
Progress: 1000/4000 (25.0%)
Progress: 2000/4000 (50.0%)
Progress: 3000/4000 (75.0%)
428
Progress: 0/4000 (0.0%)
Progress: 1000/4000 (25.0%)
Progress: 2000/4000 (50.0%)
Progress: 3000/4000 (75.0%)
oops
3016
429
Progress: 0/4000 (0.0%)
Progress: 1000/4000 (25.0%)
Progress: 2000/4000 (50.0%)
Progress: 3000/4000 (75.0%)
430
Progress: 0/4000 (0.0%)
Progress: 1000/4000 (25.0%)
Progress: 2000/4000 (50.0%)
Progress: 3000/4000 (75.0%)
431
Progress: 0/4000 (0.0%)
Progress: 1000/4000 (25.0%)
Progress: 2000/4000 (50.0%)
Progress: 3000/4000 (75.0%)
432
Progress: 0/4000 (0.0%)
Progress: 1000/4000 (25.0%)
Progress: 2000/4000 (50.0%)
Progress: 3000/4000 (75.0%)
433
Progress: 0/4000 (0.0%)
Progress: 1000/4000 (25.0%)
Progress: 2000/4000 (50.0%)
Progress: 3000/4000 (75.0%)
434
Progress: 0/4000 (0.0%)
Progress: 1000/4000 (25.0%)
Progress: 2000/4000 (50.0%)
Progress: 3000/4000 (75.0%)
435
Progress: 0/4000 (0.0%)
Progress: 1000/4000 (25.0%)
Progress: 2000/4000 (50.0%)
Progress: 3000/4000 (75.0%)
436
Progress: 0/4000 (0.0%)
Progress: 1000/4000 (25.0%)
Progress: 2000/4000 (50.0%)
Progress: 3000/4000 (75.0%)
437
Progress: 0/4000 (0.0%)
Progress: 1000/4000 (25.0%)
Progress: 2000/4000 (50.0%)
Progress: 3000/4000 (75.0%)
438
Progress: 0/4000 (0.0%)
Progress: 1000/4000 (25.0%)
Progress: 2000/4000 (50.0%)
Progress: 3000/4000 (75.0%)
439
Progress: 0/4000 (0.0%)
Progress: 1000/4000 (25.0%)
Progress: 2000/4000 (50.0%)
Progress: 3000/4000 (75.0%)
440
Progress: 0/4000 (0.0%)
Progress: 1000/4000 (25.0%)
Progress: 2000/4000 (50.0%)
Progress: 3000/4000 (75.0%)
441
Progress: 0/4000 (0.0%)
Progress: 1000/4000 (25.0%)
Progress: 2000/4000 (50.0%)
Progress: 3000/4000 (75.0%)
442
Progress: 0/4000 (0.0%)
Progress: 1000/4000 (25.0%)
Progress: 2000/4000 (50.0%)
Progress: 3000/4000 (75.0%)
443
Progress: 0/4000 (0.0%)
Progress: 1000/4000 (25.0%)
Progress: 2000/4000 (50.0%)
Progress: 3000/4000 (75.0%)
444
Progress: 0/4000 (0.0%)
Progress: 1000/4000 (25.0%)
Progress: 2000/4000 (50.0%)
Progress: 3000/4000 (75.0%)
445
Progress: 0/4000 (0.0%)
Progress: 1000/4000 (25.0%)
Progress: 2000/4000 (50.0%)
Progress: 3000/4000 (75.0%)
446
Progress: 0/4000 (0.0%)
Progress: 1000/4000 (25.0%)
Progress: 2000/4000 (50.0%)
Progress: 3000/4000 (75.0%)
447
Progress: 0/4000 (0.0%)
Progress: 1000/4000 (25.0%)
Progress: 2000/4000 (50.0%)
Progress: 3000/4000 (75.0%)
448
Progress: 0/4000 (0.0%)
Progress: 1000/4000 (25.0%)
Progress: 2000/4000 (50.0%)
Progress: 3000/4000 (75.0%)
449
Progress: 0/4000 (0.0%)
Progress: 1000/4000 (25.0%)
Progress: 2000/4000 (50.0%)
Progress: 3000/4000 (75.0%)
450
Progress: 0/4000 (0.0%)
oops
614
451
Progress: 0/4000 (0.0%)
Progress: 1000/4000 (25.0%)
Progress: 2000/4000 (50.0%)
Progress: 3000/4000 (75.0%)
452
Progress: 0/4000 (0.0%)
Progress: 1000/4000 (25.0%)
Progress: 2000/4000 (50.0%)
Progress: 3000/4000 (75.0%)
453
Progress: 0/4000 (0.0%)
Progress: 1000/4000 (25.0%)
Progress: 2000/4000 (50.0%)
Progress: 3000/4000 (75.0%)
454
Progress: 0/4000 (0.0%)
Progress: 1000/4000 (25.0%)
Progress: 2000/4000 (50.0%)
Progress: 3000/4000 (75.0%)
455
Progress: 0/4000 (0.0%)
Progress: 1000/4000 (25.0%)
Progress: 2000/4000 (50.0%)
Progress: 3000/4000 (75.0%)
456
Progress: 0/4000 (0.0%)
Progress: 1000/4000 (25.0%)
Progress: 2000/4000 (50.0%)
Progress: 3000/4000 (75.0%)
457
Progress: 0/4000 (0.0%)
Progress: 1000/4000 (25.0%)
Progress: 2000/4000 (50.0%)
Progress: 3000/4000 (75.0%)
458
Progress: 0/4000 (0.0%)
Progress: 1000/4000 (25.0%)
Progress: 2000/4000 (50.0%)
Progress: 3000/4000 (75.0%)
459
Progress: 0/4000 (0.0%)
Progress: 1000/4000 (25.0%)
Progress: 2000/4000 (50.0%)
Progress: 3000/4000 (75.0%)
460
Progress: 0/4000 (0.0%)
Progress: 1000/4000 (25.0%)
Progress: 2000/4000 (50.0%)
Progress: 3000/4000 (75.0%)
461
Progress: 0/4000 (0.0%)
Progress: 1000/4000 (25.0%)
Progress: 2000/4000 (50.0%)
Progress: 3000/4000 (75.0%)
462
Progress: 0/4000 (0.0%)
Progress: 1000/4000 (25.0%)
Progress: 2000/4000 (50.0%)
Progress: 3000/4000 (75.0%)
463
Progress: 0/4000 (0.0%)
Progress: 1000/4000 (25.0%)
Progress: 2000/4000 (50.0%)
Progress: 3000/4000 (75.0%)
464
Progress: 0/4000 (0.0%)
Progress: 1000/4000 (25.0%)
Progress: 2000/4000 (50.0%)
Progress: 3000/4000 (75.0%)
465
Progress: 0/4000 (0.0%)
Progress: 1000/4000 (25.0%)
Progress: 2000/4000 (50.0%)
Progress: 3000/4000 (75.0%)
466
Progress: 0/4000 (0.0%)
Progress: 1000/4000 (25.0%)
Progress: 2000/4000 (50.0%)
Progress: 3000/4000 (75.0%)
467
Progress: 0/4000 (0.0%)
Progress: 1000/4000 (25.0%)
Progress: 2000/4000 (50.0%)
Progress: 3000/4000 (75.0%)
468
Progress: 0/4000 (0.0%)
Progress: 1000/4000 (25.0%)
Progress: 2000/4000 (50.0%)
Progress: 3000/4000 (75.0%)
469
Progress: 0/4000 (0.0%)
Progress: 1000/4000 (25.0%)
Progress: 2000/4000 (50.0%)
Progress: 3000/4000 (75.0%)
470
Progress: 0/4000 (0.0%)
Progress: 1000/4000 (25.0%)
Progress: 2000/4000 (50.0%)
Progress: 3000/4000 (75.0%)
471
Progress: 0/4000 (0.0%)
Progress: 1000/4000 (25.0%)
Progress: 2000/4000 (50.0%)
Progress: 3000/4000 (75.0%)
472
Progress: 0/4000 (0.0%)
Progress: 1000/4000 (25.0%)
Progress: 2000/4000 (50.0%)
Progress: 3000/4000 (75.0%)
473
Progress: 0/4000 (0.0%)
Progress: 1000/4000 (25.0%)
Progress: 2000/4000 (50.0%)
Progress: 3000/4000 (75.0%)
474
Progress: 0/4000 (0.0%)
oops
340
475
Progress: 0/4000 (0.0%)
Progress: 1000/4000 (25.0%)
Progress: 2000/4000 (50.0%)
Progress: 3000/4000 (75.0%)
476
Progress: 0/4000 (0.0%)
Progress: 1000/4000 (25.0%)
Progress: 2000/4000 (50.0%)
Progress: 3000/4000 (75.0%)
477
Progress: 0/4000 (0.0%)
Progress: 1000/4000 (25.0%)
Progress: 2000/4000 (50.0%)
Progress: 3000/4000 (75.0%)
478
Progress: 0/4000 (0.0%)
Progress: 1000/4000 (25.0%)
Progress: 2000/4000 (50.0%)
Progress: 3000/4000 (75.0%)
479
Progress: 0/4000 (0.0%)
Progress: 1000/4000 (25.0%)
Progress: 2000/4000 (50.0%)
Progress: 3000/4000 (75.0%)
480
Progress: 0/4000 (0.0%)
Progress: 1000/4000 (25.0%)
Progress: 2000/4000 (50.0%)
Progress: 3000/4000 (75.0%)
481
Progress: 0/4000 (0.0%)
Progress: 1000/4000 (25.0%)
oops
1746
482
Progress: 0/4000 (0.0%)
Progress: 1000/4000 (25.0%)
Progress: 2000/4000 (50.0%)
Progress: 3000/4000 (75.0%)
483
Progress: 0/4000 (0.0%)
Progress: 1000/4000 (25.0%)
Progress: 2000/4000 (50.0%)
Progress: 3000/4000 (75.0%)
484
Progress: 0/4000 (0.0%)
Progress: 1000/4000 (25.0%)
Progress: 2000/4000 (50.0%)
Progress: 3000/4000 (75.0%)
485
Progress: 0/4000 (0.0%)
Progress: 1000/4000 (25.0%)
Progress: 2000/4000 (50.0%)
Progress: 3000/4000 (75.0%)
486
Progress: 0/4000 (0.0%)
Progress: 1000/4000 (25.0%)
oops
1831
487
Progress: 0/4000 (0.0%)
Progress: 1000/4000 (25.0%)
Progress: 2000/4000 (50.0%)
Progress: 3000/4000 (75.0%)
488
Progress: 0/4000 (0.0%)
Progress: 1000/4000 (25.0%)
Progress: 2000/4000 (50.0%)
Progress: 3000/4000 (75.0%)
489
Progress: 0/4000 (0.0%)
Progress: 1000/4000 (25.0%)
Progress: 2000/4000 (50.0%)
Progress: 3000/4000 (75.0%)
490
Progress: 0/4000 (0.0%)
Progress: 1000/4000 (25.0%)
Progress: 2000/4000 (50.0%)
Progress: 3000/4000 (75.0%)
491
Progress: 0/4000 (0.0%)
Progress: 1000/4000 (25.0%)
Progress: 2000/4000 (50.0%)
Progress: 3000/4000 (75.0%)
492
Progress: 0/4000 (0.0%)
Progress: 1000/4000 (25.0%)
Progress: 2000/4000 (50.0%)
Progress: 3000/4000 (75.0%)
493
Progress: 0/4000 (0.0%)
Progress: 1000/4000 (25.0%)
Progress: 2000/4000 (50.0%)
Progress: 3000/4000 (75.0%)
494
Progress: 0/4000 (0.0%)
Progress: 1000/4000 (25.0%)
Progress: 2000/4000 (50.0%)
Progress: 3000/4000 (75.0%)
495
Progress: 0/4000 (0.0%)
Progress: 1000/4000 (25.0%)
Progress: 2000/4000 (50.0%)
Progress: 3000/4000 (75.0%)
496
Progress: 0/4000 (0.0%)
Progress: 1000/4000 (25.0%)
Progress: 2000/4000 (50.0%)
Progress: 3000/4000 (75.0%)
497
Progress: 0/4000 (0.0%)
Progress: 1000/4000 (25.0%)
Progress: 2000/4000 (50.0%)
Progress: 3000/4000 (75.0%)
498
Progress: 0/4000 (0.0%)
Progress: 1000/4000 (25.0%)
Progress: 2000/4000 (50.0%)
Progress: 3000/4000 (75.0%)
499
ok